"../../../Engine/Content/Animation/DefaultAnimBoneCompressionSettings.uasset" 0
"../../../Engine/Content/Animation/DefaultAnimBoneCompressionSettings.uexp" 1
"J:/Github/FNaF-SB-Modding-Template/Content/Model_Assets/Chars/Freddy/RIG_Glamrock_Freddy.uasset" 2
"J:/Github/FNaF-SB-Modding-Template/Content/Model_Assets/Chars/Freddy/RIG_Glamrock_Freddy.uexp" 3
"J:/Github/FNaF-SB-Modding-Template/Content/Animations/BurnTrap/Burntrap_Death.uasset" 4
"J:/Github/FNaF-SB-Modding-Template/Content/Animations/BurnTrap/Burntrap_Death.uexp" 5
"J:/Github/FNaF-SB-Modding-Template/Content/Animations/BurnTrap/Burntrap_Run_Full.uasset" 6
"J:/Github/FNaF-SB-Modding-Template/Content/Animations/BurnTrap/Burntrap_Run_Full.uexp" 7
"J:/Github/FNaF-SB-Modding-Template/Content/Animations/Freddy/Freddy_Jumpscare.uasset" 8
"J:/Github/FNaF-SB-Modding-Template/Content/Animations/Freddy/Freddy_Jumpscare.uexp" 9
"J:/Github/FNaF-SB-Modding-Template/Content/Animations/Freddy/Freddy_Search_Table_L_Out.uasset" 10
"J:/Github/FNaF-SB-Modding-Template/Content/Animations/Freddy/Freddy_Search_Table_L_Out.uexp" 11
"J:/Github/FNaF-SB-Modding-Template/Content/Blueprints/ChestBP.uasset" 12
"J:/Github/FNaF-SB-Modding-Template/Content/Blueprints/ChestBP.uexp" 13
"J:/Github/FNaF-SB-Modding-Template/Content/Blueprints/HeartDropBP.uasset" 14
"J:/Github/FNaF-SB-Modding-Template/Content/Blueprints/HeartDropBP.uexp" 15
"J:/Github/FNaF-SB-Modding-Template/Content/Blueprints/MoonManDistortionActor1.uasset" 16
"J:/Github/FNaF-SB-Modding-Template/Content/Blueprints/MoonManDistortionActor1.uexp" 17
"J:/Github/FNaF-SB-Modding-Template/Content/Blueprints/PlayerPawn.uasset" 18
"J:/Github/FNaF-SB-Modding-Template/Content/Blueprints/PlayerPawn.uexp" 19
"J:/Github/FNaF-SB-Modding-Template/Content/Blueprints/VannyDistortionActor.uasset" 20
"J:/Github/FNaF-SB-Modding-Template/Content/Blueprints/VannyDistortionActor.uexp" 21
"J:/Github/FNaF-SB-Modding-Template/Content/Blueprints/AI/Freddy/FreddyAttackBT.uasset" 22
"J:/Github/FNaF-SB-Modding-Template/Content/Blueprints/AI/Freddy/FreddyAttackBT.uexp" 23
"J:/Github/FNaF-SB-Modding-Template/Content/Blueprints/AI/LilMusicMan/LMM_Jumpscare.uasset" 24
"J:/Github/FNaF-SB-Modding-Template/Content/Blueprints/AI/LilMusicMan/LMM_Jumpscare.uexp" 25
"J:/Github/FNaF-SB-Modding-Template/Content/Blueprints/AI/MoonMan/MoonMan_Jumpscare.uasset" 26
"J:/Github/FNaF-SB-Modding-Template/Content/Blueprints/AI/MoonMan/MoonMan_Jumpscare.uexp" 27
"J:/Github/FNaF-SB-Modding-Template/Content/Blueprints/AI/Seeker/AISeekerBT.uasset" 28
"J:/Github/FNaF-SB-Modding-Template/Content/Blueprints/AI/Seeker/AISeekerBT.uexp" 29
"J:/Github/FNaF-SB-Modding-Template/Content/Blueprints/AI/Seeker/DBG_SeekerWidget.uasset" 30
"J:/Github/FNaF-SB-Modding-Template/Content/Blueprints/AI/Seeker/DBG_SeekerWidget.uexp" 31
"J:/Github/FNaF-SB-Modding-Template/Content/Blueprints/AI/Seeker/HideSpotSearchBT.uasset" 32
"J:/Github/FNaF-SB-Modding-Template/Content/Blueprints/AI/Seeker/HideSpotSearchBT.uexp" 33
"J:/Github/FNaF-SB-Modding-Template/Content/Blueprints/AI/Seeker/BurnTrap/AISeeker_BurntrapOfficeBT.uasset" 34
"J:/Github/FNaF-SB-Modding-Template/Content/Blueprints/AI/Seeker/BurnTrap/AISeeker_BurntrapOfficeBT.uexp" 35
"J:/Github/FNaF-SB-Modding-Template/Content/Blueprints/AI/Seeker/BurnTrap/TentacleController.uasset" 36
"J:/Github/FNaF-SB-Modding-Template/Content/Blueprints/AI/Seeker/BurnTrap/TentacleController.uexp" 37
"J:/Github/FNaF-SB-Modding-Template/Content/Blueprints/AI/Seeker/Chica/AIChicaBB.uasset" 38
"J:/Github/FNaF-SB-Modding-Template/Content/Blueprints/AI/Seeker/Chica/AIChicaBB.uexp" 39
"J:/Github/FNaF-SB-Modding-Template/Content/Blueprints/AI/Seeker/Chica/AIChicaBT.uasset" 40
"J:/Github/FNaF-SB-Modding-Template/Content/Blueprints/AI/Seeker/Chica/AIChicaBT.uexp" 41
"J:/Github/FNaF-SB-Modding-Template/Content/Blueprints/AI/Seeker/Endo/EndoBT.uasset" 42
"J:/Github/FNaF-SB-Modding-Template/Content/Blueprints/AI/Seeker/Endo/EndoBT.uexp" 43
"J:/Github/FNaF-SB-Modding-Template/Content/Blueprints/AI/Seeker/Endo/EndoFreezeBT.uasset" 44
"J:/Github/FNaF-SB-Modding-Template/Content/Blueprints/AI/Seeker/Endo/EndoFreezeBT.uexp" 45
"J:/Github/FNaF-SB-Modding-Template/Content/Blueprints/AI/Seeker/Monty/MontyBT.uasset" 46
"J:/Github/FNaF-SB-Modding-Template/Content/Blueprints/AI/Seeker/Monty/MontyBT.uexp" 47
"J:/Github/FNaF-SB-Modding-Template/Content/Blueprints/AI/Seeker/Monty/MontyStandard.uasset" 48
"J:/Github/FNaF-SB-Modding-Template/Content/Blueprints/AI/Seeker/Monty/MontyStandard.uexp" 49
"J:/Github/FNaF-SB-Modding-Template/Content/Blueprints/AI/Seeker/Monty/MontyBoss/AIMontyBossBT.uasset" 50
"J:/Github/FNaF-SB-Modding-Template/Content/Blueprints/AI/Seeker/Monty/MontyBoss/AIMontyBossBT.uexp" 51
"J:/Github/FNaF-SB-Modding-Template/Content/Blueprints/AI/Seeker/MoonMan/MoonmanFollowSplineBT.uasset" 52
"J:/Github/FNaF-SB-Modding-Template/Content/Blueprints/AI/Seeker/MoonMan/MoonmanFollowSplineBT.uexp" 53
"J:/Github/FNaF-SB-Modding-Template/Content/Blueprints/AI/Seeker/MoonMan/MoonmanPhase1BT.uasset" 54
"J:/Github/FNaF-SB-Modding-Template/Content/Blueprints/AI/Seeker/MoonMan/MoonmanPhase1BT.uexp" 55
"J:/Github/FNaF-SB-Modding-Template/Content/Blueprints/AI/Seeker/MoonMan/MoonmanPhase2BT.uasset" 56
"J:/Github/FNaF-SB-Modding-Template/Content/Blueprints/AI/Seeker/MoonMan/MoonmanPhase2BT.uexp" 57
"J:/Github/FNaF-SB-Modding-Template/Content/Blueprints/AI/StaffBot/CautionBot/CautionBot.uasset" 58
"J:/Github/FNaF-SB-Modding-Template/Content/Blueprints/AI/StaffBot/CautionBot/CautionBot.uexp" 59
"J:/Github/FNaF-SB-Modding-Template/Content/Blueprints/AI/StaffBot/CautionBot/CautionBotBT.uasset" 60
"J:/Github/FNaF-SB-Modding-Template/Content/Blueprints/AI/StaffBot/CautionBot/CautionBotBT.uexp" 61
"J:/Github/FNaF-SB-Modding-Template/Content/Blueprints/AI/StaffBot/ChefBot/ChefBot.uasset" 62
"J:/Github/FNaF-SB-Modding-Template/Content/Blueprints/AI/StaffBot/ChefBot/ChefBot.uexp" 63
"J:/Github/FNaF-SB-Modding-Template/Content/Blueprints/AI/StaffBot/MapBot/MapBot.uasset" 64
"J:/Github/FNaF-SB-Modding-Template/Content/Blueprints/AI/StaffBot/MapBot/MapBot.uexp" 65
"J:/Github/FNaF-SB-Modding-Template/Content/Blueprints/AI/StaffBot/MapBot/MapBot_Warehouse.uasset" 66
"J:/Github/FNaF-SB-Modding-Template/Content/Blueprints/AI/StaffBot/MapBot/MapBot_Warehouse.uexp" 67
"J:/Github/FNaF-SB-Modding-Template/Content/Blueprints/AI/StaffBot/PartyPassBot/StaffBotPartyPass.uasset" 68
"J:/Github/FNaF-SB-Modding-Template/Content/Blueprints/AI/StaffBot/PartyPassBot/StaffBotPartyPass.uexp" 69
"J:/Github/FNaF-SB-Modding-Template/Content/Blueprints/AI/StaffBot/Racer/StaffBotRacer.uasset" 70
"J:/Github/FNaF-SB-Modding-Template/Content/Blueprints/AI/StaffBot/Racer/StaffBotRacer.uexp" 71
"J:/Github/FNaF-SB-Modding-Template/Content/Blueprints/AI/StaffBot/Security/Patrol/StaffBotSecurityPatrol_Nightmarrion.uasset" 72
"J:/Github/FNaF-SB-Modding-Template/Content/Blueprints/AI/StaffBot/Security/Patrol/StaffBotSecurityPatrol_Nightmarrion.uexp" 73
"J:/Github/FNaF-SB-Modding-Template/Content/Blueprints/AI/StaffBot/Worker/ClapBot/ClapBot.uasset" 74
"J:/Github/FNaF-SB-Modding-Template/Content/Blueprints/AI/StaffBot/Worker/ClapBot/ClapBot.uexp" 75
"J:/Github/FNaF-SB-Modding-Template/Content/Blueprints/AI/StaffBot/Worker/Cleaning/StaffBotCleaning.uasset" 76
"J:/Github/FNaF-SB-Modding-Template/Content/Blueprints/AI/StaffBot/Worker/Cleaning/StaffBotCleaning.uexp" 77
"J:/Github/FNaF-SB-Modding-Template/Content/Blueprints/AI/StaffBot/Worker/Entertainer/StaffBotTalent.uasset" 78
"J:/Github/FNaF-SB-Modding-Template/Content/Blueprints/AI/StaffBot/Worker/Entertainer/StaffBotTalent.uexp" 79
"J:/Github/FNaF-SB-Modding-Template/Content/Blueprints/AI/Vanny/LostAndFound/VannyLostAndFoundBT.uasset" 80
"J:/Github/FNaF-SB-Modding-Template/Content/Blueprints/AI/Vanny/LostAndFound/VannyLostAndFoundBT.uexp" 81
"J:/Github/FNaF-SB-Modding-Template/Content/Blueprints/AI/Vanny/LostAndFound/Vanny_LostAndFound.uasset" 82
"J:/Github/FNaF-SB-Modding-Template/Content/Blueprints/AI/Vanny/LostAndFound/Vanny_LostAndFound.uexp" 83
"J:/Github/FNaF-SB-Modding-Template/Content/Blueprints/Blocker/PortableFence_RemoveAfterMission.uasset" 84
"J:/Github/FNaF-SB-Modding-Template/Content/Blueprints/Blocker/PortableFence_RemoveAfterMission.uexp" 85
"J:/Github/FNaF-SB-Modding-Template/Content/Blueprints/Button/BasicButton.uasset" 86
"J:/Github/FNaF-SB-Modding-Template/Content/Blueprints/Button/BasicButton.uexp" 87
"J:/Github/FNaF-SB-Modding-Template/Content/Blueprints/Button/BasicToggleButton.uasset" 88
"J:/Github/FNaF-SB-Modding-Template/Content/Blueprints/Button/BasicToggleButton.uexp" 89
"J:/Github/FNaF-SB-Modding-Template/Content/Blueprints/CutSceneActors/CutSceneActor_Base.uasset" 90
"J:/Github/FNaF-SB-Modding-Template/Content/Blueprints/CutSceneActors/CutSceneActor_Base.uexp" 91
"J:/Github/FNaF-SB-Modding-Template/Content/Blueprints/CutSceneActors/CutSceneActor_Staffbot.uasset" 92
"J:/Github/FNaF-SB-Modding-Template/Content/Blueprints/CutSceneActors/CutSceneActor_Staffbot.uexp" 93
"J:/Github/FNaF-SB-Modding-Template/Content/Blueprints/CutSceneActors/CutSceneActor_Vanessa.uasset" 94
"J:/Github/FNaF-SB-Modding-Template/Content/Blueprints/CutSceneActors/CutSceneActor_Vanessa.uexp" 95
"J:/Github/FNaF-SB-Modding-Template/Content/Blueprints/FazerBlast/BP_ReturnFazerBlaster.uasset" 96
"J:/Github/FNaF-SB-Modding-Template/Content/Blueprints/FazerBlast/BP_ReturnFazerBlaster.uexp" 97
"J:/Github/FNaF-SB-Modding-Template/Content/Blueprints/FreddyUpgrades/FreddyUpgradeRequirementCoponent.uasset" 98
"J:/Github/FNaF-SB-Modding-Template/Content/Blueprints/FreddyUpgrades/FreddyUpgradeRequirementCoponent.uexp" 99
"J:/Github/FNaF-SB-Modding-Template/Content/Blueprints/Hide/HideInActor.uasset" 100
"J:/Github/FNaF-SB-Modding-Template/Content/Blueprints/Hide/HideInActor.uexp" 101
"J:/Github/FNaF-SB-Modding-Template/Content/Blueprints/Hologram/FNAF_Mesh/BP_FNAF_Hologram.uasset" 102
"J:/Github/FNaF-SB-Modding-Template/Content/Blueprints/Hologram/FNAF_Mesh/BP_FNAF_Hologram.uexp" 103
"J:/Github/FNaF-SB-Modding-Template/Content/Blueprints/Hologram/FNAF_Mesh/RIG_Montgomery_Gator_withProp_HoloMesh.uasset" 104
"J:/Github/FNaF-SB-Modding-Template/Content/Blueprints/Hologram/FNAF_Mesh/RIG_Montgomery_Gator_withProp_HoloMesh.uexp" 105
"J:/Github/FNaF-SB-Modding-Template/Content/Blueprints/MissionTriggers/FreddyFirstAidTrigger.uasset" 106
"J:/Github/FNaF-SB-Modding-Template/Content/Blueprints/MissionTriggers/FreddyFirstAidTrigger.uexp" 107
"J:/Github/FNaF-SB-Modding-Template/Content/Blueprints/System/Time/FNAFTime.uasset" 108
"J:/Github/FNaF-SB-Modding-Template/Content/Blueprints/System/Time/FNAFTime.uexp" 109
"J:/Github/FNaF-SB-Modding-Template/Content/Blueprints/System/Time/TimeCheckComponent.uasset" 110
"J:/Github/FNaF-SB-Modding-Template/Content/Blueprints/System/Time/TimeCheckComponent.uexp" 111
"J:/Github/FNaF-SB-Modding-Template/Content/Blueprints/MissionTriggers/PlaySequenceTrigger_EasterEggKitchen.uasset" 112
"J:/Github/FNaF-SB-Modding-Template/Content/Blueprints/MissionTriggers/PlaySequenceTrigger_EasterEggKitchen.uexp" 113
"J:/Github/FNaF-SB-Modding-Template/Content/Blueprints/Objects/GeneratorBase_BP.uasset" 114
"J:/Github/FNaF-SB-Modding-Template/Content/Blueprints/Objects/GeneratorBase_BP.uexp" 115
"J:/Github/FNaF-SB-Modding-Template/Content/Blueprints/Objects/LMMDestroyer.uasset" 116
"J:/Github/FNaF-SB-Modding-Template/Content/Blueprints/Objects/LMMDestroyer.uexp" 117
"J:/Github/FNaF-SB-Modding-Template/Content/Blueprints/Objects/LobbyMainEntrance.uasset" 118
"J:/Github/FNaF-SB-Modding-Template/Content/Blueprints/Objects/LobbyMainEntrance.uexp" 119
"J:/Github/FNaF-SB-Modding-Template/Content/Blueprints/Objects/Actors/MoonmanDeathCharacter.uasset" 120
"J:/Github/FNaF-SB-Modding-Template/Content/Blueprints/Objects/Actors/MoonmanDeathCharacter.uexp" 121
"J:/Github/FNaF-SB-Modding-Template/Content/Blueprints/Objects/Actors/MoonManSequenceActor.uasset" 122
"J:/Github/FNaF-SB-Modding-Template/Content/Blueprints/Objects/Actors/MoonManSequenceActor.uexp" 123
"J:/Github/FNaF-SB-Modding-Template/Content/Blueprints/Objects/Actors/Overtime_SaveGameActor.uasset" 124
"J:/Github/FNaF-SB-Modding-Template/Content/Blueprints/Objects/Actors/Overtime_SaveGameActor.uexp" 125
"J:/Github/FNaF-SB-Modding-Template/Content/Blueprints/Objects/Actors/SaveGameActor.uasset" 126
"J:/Github/FNaF-SB-Modding-Template/Content/Blueprints/Objects/Actors/SaveGameActor.uexp" 127
"J:/Github/FNaF-SB-Modding-Template/Content/Blueprints/Objects/BallCannon/BallCannon.uasset" 128
"J:/Github/FNaF-SB-Modding-Template/Content/Blueprints/Objects/BallCannon/BallCannon.uexp" 129
"J:/Github/FNaF-SB-Modding-Template/Content/Blueprints/Objects/BallCannon/BallCannonOffice.uasset" 130
"J:/Github/FNaF-SB-Modding-Template/Content/Blueprints/Objects/BallCannon/BallCannonOffice.uexp" 131
"J:/Github/FNaF-SB-Modding-Template/Content/Blueprints/AI/Seeker/Monty/Monty.uasset" 132
"J:/Github/FNaF-SB-Modding-Template/Content/Blueprints/AI/Seeker/Monty/Monty.uexp" 133
"J:/Github/FNaF-SB-Modding-Template/Content/Blueprints/Objects/BallCannon/MontyBossManager.uasset" 134
"J:/Github/FNaF-SB-Modding-Template/Content/Blueprints/Objects/BallCannon/MontyBossManager.uexp" 135
"J:/Github/FNaF-SB-Modding-Template/Content/Blueprints/Objects/Collectibles/BackstagePass.uasset" 136
"J:/Github/FNaF-SB-Modding-Template/Content/Blueprints/Objects/Collectibles/BackstagePass.uexp" 137
"J:/Github/FNaF-SB-Modding-Template/Content/Blueprints/Objects/Collectibles/FlashBeaconCollect.uasset" 138
"J:/Github/FNaF-SB-Modding-Template/Content/Blueprints/Objects/Collectibles/FlashBeaconCollect.uexp" 139
"J:/Github/FNaF-SB-Modding-Template/Content/Blueprints/Objects/Collectibles/LaserGunCollectible.uasset" 140
"J:/Github/FNaF-SB-Modding-Template/Content/Blueprints/Objects/Collectibles/LaserGunCollectible.uexp" 141
"J:/Github/FNaF-SB-Modding-Template/Content/Blueprints/Objects/Collectibles/LaserGunCollectible_Prize.uasset" 142
"J:/Github/FNaF-SB-Modding-Template/Content/Blueprints/Objects/Collectibles/LaserGunCollectible_Prize.uexp" 143
"J:/Github/FNaF-SB-Modding-Template/Content/Blueprints/Objects/Collectibles/PresentCollectible.uasset" 144
"J:/Github/FNaF-SB-Modding-Template/Content/Blueprints/Objects/Collectibles/PresentCollectible.uexp" 145
"J:/Github/FNaF-SB-Modding-Template/Content/Blueprints/Objects/Daycare/DaycareGenerator.uasset" 146
"J:/Github/FNaF-SB-Modding-Template/Content/Blueprints/Objects/Daycare/DaycareGenerator.uexp" 147
"J:/Github/FNaF-SB-Modding-Template/Content/Blueprints/Objects/Daycare/DaycareGeneratorSetup.uasset" 148
"J:/Github/FNaF-SB-Modding-Template/Content/Blueprints/Objects/Daycare/DaycareGeneratorSetup.uexp" 149
"J:/Github/FNaF-SB-Modding-Template/Content/Blueprints/Objects/Daycare/DaycarePenDoors.uasset" 150
"J:/Github/FNaF-SB-Modding-Template/Content/Blueprints/Objects/Daycare/DaycarePenDoors.uexp" 151
"J:/Github/FNaF-SB-Modding-Template/Content/Blueprints/Objects/Equippables/EQ_Flashbeacon.uasset" 152
"J:/Github/FNaF-SB-Modding-Template/Content/Blueprints/Objects/Equippables/EQ_Flashbeacon.uexp" 153
"J:/Github/FNaF-SB-Modding-Template/Content/Blueprints/Objects/Equippables/EQ_LaserGun.uasset" 154
"J:/Github/FNaF-SB-Modding-Template/Content/Blueprints/Objects/Equippables/EQ_LaserGun.uexp" 155
"J:/Github/FNaF-SB-Modding-Template/Content/Blueprints/Objects/FlashlightRecharge/FlashlightRechargeStation.uasset" 156
"J:/Github/FNaF-SB-Modding-Template/Content/Blueprints/Objects/FlashlightRecharge/FlashlightRechargeStation.uexp" 157
"J:/Github/FNaF-SB-Modding-Template/Content/Blueprints/Objects/GolfBall/InteractibleGolfBall.uasset" 158
"J:/Github/FNaF-SB-Modding-Template/Content/Blueprints/Objects/GolfBall/InteractibleGolfBall.uexp" 159
"J:/Github/FNaF-SB-Modding-Template/Content/Blueprints/Objects/Kitchen/KitchenBotPizzaStation.uasset" 160
"J:/Github/FNaF-SB-Modding-Template/Content/Blueprints/Objects/Kitchen/KitchenBotPizzaStation.uexp" 161
"J:/Github/FNaF-SB-Modding-Template/Content/Blueprints/Objects/Kitchen/PizzaMakerManager.uasset" 162
"J:/Github/FNaF-SB-Modding-Template/Content/Blueprints/Objects/Kitchen/PizzaMakerManager.uexp" 163
"J:/Github/FNaF-SB-Modding-Template/Content/Blueprints/Objects/Mazercise/MazerciseRowButton.uasset" 164
"J:/Github/FNaF-SB-Modding-Template/Content/Blueprints/Objects/Mazercise/MazerciseRowButton.uexp" 165
"J:/Github/FNaF-SB-Modding-Template/Content/Blueprints/Objects/PowerStation/PowerStationPlayerInteractible.uasset" 166
"J:/Github/FNaF-SB-Modding-Template/Content/Blueprints/Objects/PowerStation/PowerStationPlayerInteractible.uexp" 167
"J:/Github/FNaF-SB-Modding-Template/Content/Blueprints/Objects/PowerStation/PowerStation_Actor.uasset" 168
"J:/Github/FNaF-SB-Modding-Template/Content/Blueprints/Objects/PowerStation/PowerStation_Actor.uexp" 169
"J:/Github/FNaF-SB-Modding-Template/Content/Blueprints/Objects/Sewer/Sewer_Generator.uasset" 170
"J:/Github/FNaF-SB-Modding-Template/Content/Blueprints/Objects/Sewer/Sewer_Generator.uexp" 171
"J:/Github/FNaF-SB-Modding-Template/Content/Blueprints/Objects/SodaBottles/SodaBottle.uasset" 172
"J:/Github/FNaF-SB-Modding-Template/Content/Blueprints/Objects/SodaBottles/SodaBottle.uexp" 173
"J:/Github/FNaF-SB-Modding-Template/Content/Blueprints/Objects/SodaBottles/SodaBottleSpill.uasset" 174
"J:/Github/FNaF-SB-Modding-Template/Content/Blueprints/Objects/SodaBottles/SodaBottleSpill.uexp" 175
"J:/Github/FNaF-SB-Modding-Template/Content/Blueprints/PartsAndServices/PS_Upgrade_And_Test_BP.uasset" 176
"J:/Github/FNaF-SB-Modding-Template/Content/Blueprints/PartsAndServices/PS_Upgrade_And_Test_BP.uexp" 177
"J:/Github/FNaF-SB-Modding-Template/Content/Blueprints/Player/FBPC_SharedController.uasset" 178
"J:/Github/FNaF-SB-Modding-Template/Content/Blueprints/Player/FBPC_SharedController.uexp" 179
"J:/Github/FNaF-SB-Modding-Template/Content/Blueprints/Player/JumpscarePawn.uasset" 180
"J:/Github/FNaF-SB-Modding-Template/Content/Blueprints/Player/JumpscarePawn.uexp" 181
"J:/Github/FNaF-SB-Modding-Template/Content/Blueprints/Player/ThrowableObject.uasset" 182
"J:/Github/FNaF-SB-Modding-Template/Content/Blueprints/Player/ThrowableObject.uexp" 183
"J:/Github/FNaF-SB-Modding-Template/Content/Blueprints/Player/CamShakes/ImpactShake_DJMM.uasset" 184
"J:/Github/FNaF-SB-Modding-Template/Content/Blueprints/Player/CamShakes/ImpactShake_DJMM.uexp" 185
"J:/Github/FNaF-SB-Modding-Template/Content/Blueprints/Player/UI/UI_Mission.uasset" 186
"J:/Github/FNaF-SB-Modding-Template/Content/Blueprints/Player/UI/UI_Mission.uexp" 187
"J:/Github/FNaF-SB-Modding-Template/Content/Blueprints/Player/UI/HUD/WI_Gregory_Clock.uasset" 188
"J:/Github/FNaF-SB-Modding-Template/Content/Blueprints/Player/UI/HUD/WI_Gregory_Clock.uexp" 189
"J:/Github/FNaF-SB-Modding-Template/Content/Blueprints/Player/UI/HUD/WI_Gregory_Stamina.uasset" 190
"J:/Github/FNaF-SB-Modding-Template/Content/Blueprints/Player/UI/HUD/WI_Gregory_Stamina.uexp" 191
"J:/Github/FNaF-SB-Modding-Template/Content/Blueprints/Roxy_Racer/CarMechanics/P_GoKart.uasset" 192
"J:/Github/FNaF-SB-Modding-Template/Content/Blueprints/Roxy_Racer/CarMechanics/P_GoKart.uexp" 193
"J:/Github/FNaF-SB-Modding-Template/Content/Blueprints/SecurityOffice/Backstage/AI/Freddy/FreddyOffice.uasset" 194
"J:/Github/FNaF-SB-Modding-Template/Content/Blueprints/SecurityOffice/Backstage/AI/Freddy/FreddyOffice.uexp" 195
"J:/Github/FNaF-SB-Modding-Template/Content/Blueprints/SecurityOffice/Backstage/AI/Vanny/VannyBackstageSplineBt.uasset" 196
"J:/Github/FNaF-SB-Modding-Template/Content/Blueprints/SecurityOffice/Backstage/AI/Vanny/VannyBackstageSplineBt.uexp" 197
"J:/Github/FNaF-SB-Modding-Template/Content/Blueprints/SecurityOffice/Kitchen/OGM_Kitchen.uasset" 198
"J:/Github/FNaF-SB-Modding-Template/Content/Blueprints/SecurityOffice/Kitchen/OGM_Kitchen.uexp" 199
"J:/Github/FNaF-SB-Modding-Template/Content/Blueprints/SecurityOffice/Kitchen/AI/ChicaKitchenOfficeBT.uasset" 200
"J:/Github/FNaF-SB-Modding-Template/Content/Blueprints/SecurityOffice/Kitchen/AI/ChicaKitchenOfficeBT.uexp" 201
"J:/Github/FNaF-SB-Modding-Template/Content/Blueprints/SecurityOffice/Vanny/OGM_VannyBattle.uasset" 202
"J:/Github/FNaF-SB-Modding-Template/Content/Blueprints/SecurityOffice/Vanny/OGM_VannyBattle.uexp" 203
"J:/Github/FNaF-SB-Modding-Template/Content/Blueprints/SecurityOffice/WestArcade/DJMusicMan.uasset" 204
"J:/Github/FNaF-SB-Modding-Template/Content/Blueprints/SecurityOffice/WestArcade/DJMusicMan.uexp" 205
"J:/Github/FNaF-SB-Modding-Template/Content/Blueprints/SecurityOffice/WestArcade/SecurityOffice_WestArcade.uasset" 206
"J:/Github/FNaF-SB-Modding-Template/Content/Blueprints/SecurityOffice/WestArcade/SecurityOffice_WestArcade.uexp" 207
"J:/Github/FNaF-SB-Modding-Template/Content/Blueprints/SplinePathing/LMMSplineFollower.uasset" 208
"J:/Github/FNaF-SB-Modding-Template/Content/Blueprints/SplinePathing/LMMSplineFollower.uexp" 209
"J:/Github/FNaF-SB-Modding-Template/Content/Blueprints/SplinePathing/LMMSplinePathwayManager.uasset" 210
"J:/Github/FNaF-SB-Modding-Template/Content/Blueprints/SplinePathing/LMMSplinePathwayManager.uexp" 211
"J:/Github/FNaF-SB-Modding-Template/Content/Blueprints/System/MainGameStartupSequence.uasset" 212
"J:/Github/FNaF-SB-Modding-Template/Content/Blueprints/System/MainGameStartupSequence.uexp" 213
"J:/Github/FNaF-SB-Modding-Template/Content/Blueprints/System/Fog/FogSystem.uasset" 214
"J:/Github/FNaF-SB-Modding-Template/Content/Blueprints/System/Fog/FogSystem.uexp" 215
"J:/Github/FNaF-SB-Modding-Template/Content/Blueprints/System/LaserTag/LaserTag_GM.uasset" 216
"J:/Github/FNaF-SB-Modding-Template/Content/Blueprints/System/LaserTag/LaserTag_GM.uexp" 217
"J:/Github/FNaF-SB-Modding-Template/Content/Blueprints/Tasks/Alert/SendAlert.uasset" 218
"J:/Github/FNaF-SB-Modding-Template/Content/Blueprints/Tasks/Alert/SendAlert.uexp" 219
"J:/Github/FNaF-SB-Modding-Template/Content/Blueprints/UI/FPSUI.uasset" 220
"J:/Github/FNaF-SB-Modding-Template/Content/Blueprints/UI/FPSUI.uexp" 221
"J:/Github/FNaF-SB-Modding-Template/Content/Blueprints/UI/GameOverUI.uasset" 222
"J:/Github/FNaF-SB-Modding-Template/Content/Blueprints/UI/GameOverUI.uexp" 223
"J:/Github/FNaF-SB-Modding-Template/Content/Blueprints/UI/OptionsUI.uasset" 224
"J:/Github/FNaF-SB-Modding-Template/Content/Blueprints/UI/OptionsUI.uexp" 225
"J:/Github/FNaF-SB-Modding-Template/Content/Blueprints/UI/SaveGameSettings.uasset" 226
"J:/Github/FNaF-SB-Modding-Template/Content/Blueprints/UI/SaveGameSettings.uexp" 227
"J:/Github/FNaF-SB-Modding-Template/Content/Blueprints/UI/WI_RollingCredits.uasset" 228
"J:/Github/FNaF-SB-Modding-Template/Content/Blueprints/UI/WI_RollingCredits.uexp" 229
"J:/Github/FNaF-SB-Modding-Template/Content/Blueprints/UI/LaserTag/WI_Health_Fazerblast.uasset" 230
"J:/Github/FNaF-SB-Modding-Template/Content/Blueprints/UI/LaserTag/WI_Health_Fazerblast.uexp" 231
"J:/Github/FNaF-SB-Modding-Template/Content/Blueprints/UI/Loading/LoadingGraphic.uasset" 232
"J:/Github/FNaF-SB-Modding-Template/Content/Blueprints/UI/Loading/LoadingGraphic.uexp" 233
"J:/Github/FNaF-SB-Modding-Template/Content/Blueprints/UI/Loading/PizzaHelpy.uasset" 234
"J:/Github/FNaF-SB-Modding-Template/Content/Blueprints/UI/Loading/PizzaHelpy.uexp" 235
"J:/Github/FNaF-SB-Modding-Template/Content/Blueprints/UI/SplashScreen/Assets/SBLogo_LogoWithText.uasset" 236
"J:/Github/FNaF-SB-Modding-Template/Content/Blueprints/UI/SplashScreen/Assets/SBLogo_LogoWithText.uexp" 237
"J:/Github/FNaF-SB-Modding-Template/Content/Blueprints/UI/SplashScreen/Assets/SBLogo_LogoWithText.ubulk" 238
"J:/Github/FNaF-SB-Modding-Template/Content/Blueprints/UI/SplashScreen/Assets/Steel_Wool_Studios_DeveloperLogo.uasset" 239
"J:/Github/FNaF-SB-Modding-Template/Content/Blueprints/UI/SplashScreen/Assets/Steel_Wool_Studios_DeveloperLogo.uexp" 240
"J:/Github/FNaF-SB-Modding-Template/Content/Blueprints/UI/SplashScreen/Assets/Steel_Wool_Studios_DeveloperLogo.ubulk" 241
"J:/Github/FNaF-SB-Modding-Template/Content/Blueprints/Underground/BurntrapHackPointBP.uasset" 242
"J:/Github/FNaF-SB-Modding-Template/Content/Blueprints/Underground/BurntrapHackPointBP.uexp" 243
"J:/Github/FNaF-SB-Modding-Template/Content/Blueprints/Util/DialogueFunctionLibrary.uasset" 244
"J:/Github/FNaF-SB-Modding-Template/Content/Blueprints/Util/DialogueFunctionLibrary.uexp" 245
"J:/Github/FNaF-SB-Modding-Template/Content/Blueprints/Warehouse/PRE_BadgeHolder_Warehouse.uasset" 246
"J:/Github/FNaF-SB-Modding-Template/Content/Blueprints/Warehouse/PRE_BadgeHolder_Warehouse.uexp" 247
"J:/Github/FNaF-SB-Modding-Template/Content/Cinematics/CinematicActors/Cinematic_Actor_LMM.uasset" 248
"J:/Github/FNaF-SB-Modding-Template/Content/Cinematics/CinematicActors/Cinematic_Actor_LMM.uexp" 249
"J:/Github/FNaF-SB-Modding-Template/Content/Cinematics/CinematicActors/Cinematic_Actor_Mapbot.uasset" 250
"J:/Github/FNaF-SB-Modding-Template/Content/Cinematics/CinematicActors/Cinematic_Actor_Mapbot.uexp" 251
"J:/Github/FNaF-SB-Modding-Template/Content/Blueprints/System/Fog/FogVolumeInfo.uasset" 252
"J:/Github/FNaF-SB-Modding-Template/Content/Blueprints/System/Fog/FogVolumeInfo.uexp" 253
"J:/Github/FNaF-SB-Modding-Template/Content/Data/FogTable.uasset" 254
"J:/Github/FNaF-SB-Modding-Template/Content/Data/FogTable.uexp" 255
"J:/Github/FNaF-SB-Modding-Template/Content/Data/AI/AIDataParams.uasset" 256
"J:/Github/FNaF-SB-Modding-Template/Content/Data/AI/AIDataParams.uexp" 257
"J:/Github/FNaF-SB-Modding-Template/Content/Data/AI/AIDataParams_Table.uasset" 258
"J:/Github/FNaF-SB-Modding-Template/Content/Data/AI/AIDataParams_Table.uexp" 259
"J:/Github/FNaF-SB-Modding-Template/Content/Data/Localizations/Loc_EmployeeMessages.uasset" 260
"J:/Github/FNaF-SB-Modding-Template/Content/Data/Localizations/Loc_EmployeeMessages.uexp" 261
"J:/Github/FNaF-SB-Modding-Template/Content/Materials/M_Debug_XRay.uasset" 262
"J:/Github/FNaF-SB-Modding-Template/Content/Materials/M_Debug_XRay.uexp" 263
"J:/Github/FNaF-SB-Modding-Template/Content/Materials/Purple.uasset" 264
"J:/Github/FNaF-SB-Modding-Template/Content/Materials/Purple.uexp" 265
"J:/Github/FNaF-SB-Modding-Template/Content/Model_Assets/Chars/Freddy/SK_Mannequin_PhysicsAsset.uasset" 266
"J:/Github/FNaF-SB-Modding-Template/Content/Model_Assets/Chars/Freddy/SK_Mannequin_PhysicsAsset.uexp" 267
"J:/Github/FNaF-SB-Modding-Template/Content/Model_Assets/SetsPRE/PRE_MOD_BowlingBall.uasset" 268
"J:/Github/FNaF-SB-Modding-Template/Content/Model_Assets/SetsPRE/PRE_MOD_BowlingBall.uexp" 269
"J:/Github/FNaF-SB-Modding-Template/Content/Blueprints/AI/Vanny/Vanny.uasset" 270
"J:/Github/FNaF-SB-Modding-Template/Content/Blueprints/AI/Vanny/Vanny.uexp" 271
"J:/Github/FNaF-SB-Modding-Template/Content/Blueprints/AI/StaffBot/Security/Patrol/StaffBotSecurityPatrol.uasset" 272
"J:/Github/FNaF-SB-Modding-Template/Content/Blueprints/AI/StaffBot/Security/Patrol/StaffBotSecurityPatrol.uexp" 273
"J:/Github/FNaF-SB-Modding-Template/Content/Blueprints/AI/StaffBot/Security/Patrol/StaffBotSecurityPatrolBT.uasset" 274
"J:/Github/FNaF-SB-Modding-Template/Content/Blueprints/AI/StaffBot/Security/Patrol/StaffBotSecurityPatrolBT.uexp" 275
"J:/Github/FNaF-SB-Modding-Template/Content/Blueprints/System/Lobby/LostAndFoundManager.uasset" 276
"J:/Github/FNaF-SB-Modding-Template/Content/Blueprints/System/Lobby/LostAndFoundManager.uexp" 277
"J:/Github/FNaF-SB-Modding-Template/Content/Blueprints/SecurityOffice/PrizeCounter/OGM_PrizeCounter.uasset" 278
"J:/Github/FNaF-SB-Modding-Template/Content/Blueprints/SecurityOffice/PrizeCounter/OGM_PrizeCounter.uexp" 279
"J:/Github/FNaF-SB-Modding-Template/Content/Blueprints/Player/StaminaComponent.uasset" 280
"J:/Github/FNaF-SB-Modding-Template/Content/Blueprints/Player/StaminaComponent.uexp" 281
"J:/Github/FNaF-SB-Modding-Template/Content/Blueprints/Player/Gregory.uasset" 282
"J:/Github/FNaF-SB-Modding-Template/Content/Blueprints/Player/Gregory.uexp" 283
"J:/Github/FNaF-SB-Modding-Template/Content/Blueprints/Player/Freddy.uasset" 284
"J:/Github/FNaF-SB-Modding-Template/Content/Blueprints/Player/Freddy.uexp" 285
"J:/Github/FNaF-SB-Modding-Template/Content/Blueprints/Player/Burntrap_Freddy.uasset" 286
"J:/Github/FNaF-SB-Modding-Template/Content/Blueprints/Player/Burntrap_Freddy.uexp" 287
"J:/Github/FNaF-SB-Modding-Template/Content/Blueprints/Objects/Daycare/SecurityOffice_Daycare.uasset" 288
"J:/Github/FNaF-SB-Modding-Template/Content/Blueprints/Objects/Daycare/SecurityOffice_Daycare.uexp" 289
"J:/Github/FNaF-SB-Modding-Template/Content/Blueprints/SecurityOffice/PrizeCounter/PrizeCounterBT.uasset" 290
"J:/Github/FNaF-SB-Modding-Template/Content/Blueprints/SecurityOffice/PrizeCounter/PrizeCounterBT.uexp" 291
"J:/Github/FNaF-SB-Modding-Template/Content/Blueprints/AI/Seeker/Roxy/Roxy.uasset" 292
"J:/Github/FNaF-SB-Modding-Template/Content/Blueprints/AI/Seeker/Roxy/Roxy.uexp" 293
"J:/Github/FNaF-SB-Modding-Template/Content/Mods/HardMode/Missions/PrizeCounter.uasset" 294
"J:/Github/FNaF-SB-Modding-Template/Content/Mods/HardMode/Missions/PrizeCounter.uexp" 295
"J:/Github/FNaF-SB-Modding-Template/Content/Blueprints/AI/Vanny/EndlessChaseBT.uasset" 296
"J:/Github/FNaF-SB-Modding-Template/Content/Blueprints/AI/Vanny/EndlessChaseBT.uexp" 297
"J:/Github/FNaF-SB-Modding-Template/Content/Blueprints/Objects/Vents/BP_UnscrewVent.uasset" 298
"J:/Github/FNaF-SB-Modding-Template/Content/Blueprints/Objects/Vents/BP_UnscrewVent.uexp" 299
"J:/Github/FNaF-SB-Modding-Template/Content/Mods/HardMode/Missions/Triggers/Trigger_2am.uasset" 300
"J:/Github/FNaF-SB-Modding-Template/Content/Mods/HardMode/Missions/Triggers/Trigger_2am.uexp" 301
"../../../Engine/Content/EditorBlueprintResources/StandardMacros.uasset" 302
"../../../Engine/Content/EditorBlueprintResources/StandardMacros.uexp" 303
"J:/Github/FNaF-SB-Modding-Template/Content/Mods/HardMode/Missions/LostAndFound.uasset" 304
"J:/Github/FNaF-SB-Modding-Template/Content/Mods/HardMode/Missions/LostAndFound.uexp" 305
"J:/Github/FNaF-SB-Modding-Template/Content/Blueprints/AI/Seeker/MoonMan/Moonman.uasset" 306
"J:/Github/FNaF-SB-Modding-Template/Content/Blueprints/AI/Seeker/MoonMan/Moonman.uexp" 307
"J:/Github/FNaF-SB-Modding-Template/Content/Mods/HardMode/Missions/Daycare.uasset" 308
"J:/Github/FNaF-SB-Modding-Template/Content/Mods/HardMode/Missions/Daycare.uexp" 309
"J:/Github/FNaF-SB-Modding-Template/Content/ShadingAssets/Materials/M_WhitePaint.uasset" 310
"J:/Github/FNaF-SB-Modding-Template/Content/ShadingAssets/Materials/M_WhitePaint.uexp" 311
"../../../Engine/Content/EngineMaterials/T_Default_Material_Grid_N.uasset" 312
"../../../Engine/Content/EngineMaterials/T_Default_Material_Grid_N.uexp" 313
"../../../Engine/Content/EngineMaterials/T_Default_Material_Grid_N.ubulk" 314
"../../../Engine/Content/EngineMaterials/T_Default_Material_Grid_M.uasset" 315
"../../../Engine/Content/EngineMaterials/T_Default_Material_Grid_M.uexp" 316
"../../../Engine/Content/EngineMaterials/T_Default_Material_Grid_M.ubulk" 317
"../../../Engine/Content/Functions/Engine_MaterialFunctions01/Opacity/CameraDepthFade.uasset" 318
"../../../Engine/Content/Functions/Engine_MaterialFunctions01/Opacity/CameraDepthFade.uexp" 319
"../../../Engine/Content/EngineMaterials/WorldGridMaterial.uasset" 320
"../../../Engine/Content/EngineMaterials/WorldGridMaterial.uexp" 321
"../../../Engine/Content/BasicShapes/Cube.uasset" 322
"../../../Engine/Content/BasicShapes/Cube.uexp" 323
"J:/Github/FNaF-SB-Modding-Template/Content/Mods/HardMode/Barriers/Screen.uasset" 324
"J:/Github/FNaF-SB-Modding-Template/Content/Mods/HardMode/Barriers/Screen.uexp" 325
"J:/Github/FNaF-SB-Modding-Template/Content/ShadingAssets/Materials/M_Neon.uasset" 326
"J:/Github/FNaF-SB-Modding-Template/Content/ShadingAssets/Materials/M_Neon.uexp" 327
"J:/Github/FNaF-SB-Modding-Template/Content/Mods/HardMode/Barriers/Door.uasset" 328
"J:/Github/FNaF-SB-Modding-Template/Content/Mods/HardMode/Barriers/Door.uexp" 329
"J:/Github/FNaF-SB-Modding-Template/Content/Mods/HardMode/AI/PatrolActor.uasset" 330
"J:/Github/FNaF-SB-Modding-Template/Content/Mods/HardMode/AI/PatrolActor.uexp" 331
"J:/Github/FNaF-SB-Modding-Template/Content/Blueprints/AI/Seeker/Vanessa/Vanessa.uasset" 332
"J:/Github/FNaF-SB-Modding-Template/Content/Blueprints/AI/Seeker/Vanessa/Vanessa.uexp" 333
"J:/Github/FNaF-SB-Modding-Template/Content/Blueprints/AI/Seeker/TangleBlob/TangleBlob.uasset" 334
"J:/Github/FNaF-SB-Modding-Template/Content/Blueprints/AI/Seeker/TangleBlob/TangleBlob.uexp" 335
"J:/Github/FNaF-SB-Modding-Template/Content/Blueprints/AI/Seeker/ShatteredRoxy/shatteredRoxy.uasset" 336
"J:/Github/FNaF-SB-Modding-Template/Content/Blueprints/AI/Seeker/ShatteredRoxy/shatteredRoxy.uexp" 337
"J:/Github/FNaF-SB-Modding-Template/Content/Blueprints/AI/Seeker/ShatteredMonty/shatteredMonty.uasset" 338
"J:/Github/FNaF-SB-Modding-Template/Content/Blueprints/AI/Seeker/ShatteredMonty/shatteredMonty.uexp" 339
"J:/Github/FNaF-SB-Modding-Template/Content/Blueprints/AI/Seeker/ShatteredChica/shatteredChica.uasset" 340
"J:/Github/FNaF-SB-Modding-Template/Content/Blueprints/AI/Seeker/ShatteredChica/shatteredChica.uexp" 341
"J:/Github/FNaF-SB-Modding-Template/Content/Blueprints/AI/Seeker/MoonMan/Sunman.uasset" 342
"J:/Github/FNaF-SB-Modding-Template/Content/Blueprints/AI/Seeker/MoonMan/Sunman.uexp" 343
"J:/Github/FNaF-SB-Modding-Template/Content/Blueprints/AI/Seeker/Monty/MontyShowtime/MontyShowtimeMission.uasset" 344
"J:/Github/FNaF-SB-Modding-Template/Content/Blueprints/AI/Seeker/Monty/MontyShowtime/MontyShowtimeMission.uexp" 345
"J:/Github/FNaF-SB-Modding-Template/Content/Blueprints/AI/Seeker/Endo/Endo.uasset" 346
"J:/Github/FNaF-SB-Modding-Template/Content/Blueprints/AI/Seeker/Endo/Endo.uexp" 347
"J:/Github/FNaF-SB-Modding-Template/Content/Blueprints/AI/Seeker/Chica/Chica.uasset" 348
"J:/Github/FNaF-SB-Modding-Template/Content/Blueprints/AI/Seeker/Chica/Chica.uexp" 349
"J:/Github/FNaF-SB-Modding-Template/Content/Blueprints/AI/Seeker/BurnTrap/BurnTrap.uasset" 350
"J:/Github/FNaF-SB-Modding-Template/Content/Blueprints/AI/Seeker/BurnTrap/BurnTrap.uexp" 351
"J:/Github/FNaF-SB-Modding-Template/Content/Mods/HardMode/ModActor.uasset" 352
"J:/Github/FNaF-SB-Modding-Template/Content/Mods/HardMode/ModActor.uexp" 353
"J:/Github/FNaF-SB-Modding-Template/Content/Blueprints/SecurityOffice/OGM_Backstage.uasset" 354
"J:/Github/FNaF-SB-Modding-Template/Content/Blueprints/SecurityOffice/OGM_Backstage.uexp" 355
"J:/Github/FNaF-SB-Modding-Template/Content/Mods/HardMode/Testing/Var_Tester.uasset" 356
"J:/Github/FNaF-SB-Modding-Template/Content/Mods/HardMode/Testing/Var_Tester.uexp" 357
"J:/Github/FNaF-SB-Modding-Template/Content/Mods/Test/Stuff/Mat.uasset" 358
"J:/Github/FNaF-SB-Modding-Template/Content/Mods/Test/Stuff/Mat.uexp" 359
"../../../Engine/Content/EngineMaterials/DefaultMaterial.uasset" 360
"../../../Engine/Content/EngineMaterials/DefaultMaterial.uexp" 361
"../../../Engine/Content/BasicShapes/Sphere.uasset" 362
"../../../Engine/Content/BasicShapes/Sphere.uexp" 363
"J:/Github/FNaF-SB-Modding-Template/Content/Materials/Test_Mat.uasset" 364
"J:/Github/FNaF-SB-Modding-Template/Content/Materials/Test_Mat.uexp" 365
"J:/Github/FNaF-SB-Modding-Template/Content/Materials/PowerMat.uasset" 366
"J:/Github/FNaF-SB-Modding-Template/Content/Materials/PowerMat.uexp" 367
"J:/Github/FNaF-SB-Modding-Template/Content/Mods/Test/Stuff/Box.uasset" 368
"J:/Github/FNaF-SB-Modding-Template/Content/Mods/Test/Stuff/Box.uexp" 369
"../../../Engine/Content/BasicShapes/Plane.uasset" 370
"../../../Engine/Content/BasicShapes/Plane.uexp" 371
"../../../Engine/Content/BasicShapes/BasicShapeMaterial.uasset" 372
"../../../Engine/Content/BasicShapes/BasicShapeMaterial.uexp" 373
"J:/Github/FNaF-SB-Modding-Template/Content/Materials/Blue.uasset" 374
"J:/Github/FNaF-SB-Modding-Template/Content/Materials/Blue.uexp" 375
"J:/Github/FNaF-SB-Modding-Template/Content/Mods/Test/Stuff/MeasuringStick.uasset" 376
"J:/Github/FNaF-SB-Modding-Template/Content/Mods/Test/Stuff/MeasuringStick.uexp" 377
"J:/Github/FNaF-SB-Modding-Template/Content/Mods/Test/Stuff/NewBlueprint.uasset" 378
"J:/Github/FNaF-SB-Modding-Template/Content/Mods/Test/Stuff/NewBlueprint.uexp" 379
"J:/Github/FNaF-SB-Modding-Template/Content/ShadingAssets/Materials/MAT_PrizeBox_Golden.uasset" 380
"J:/Github/FNaF-SB-Modding-Template/Content/ShadingAssets/Materials/MAT_PrizeBox_Golden.uexp" 381
"J:/Github/FNaF-SB-Modding-Template/Content/Model_Assets/Chars/Prizebox/MOD_BoingyBox_Lid.uasset" 382
"J:/Github/FNaF-SB-Modding-Template/Content/Model_Assets/Chars/Prizebox/MOD_BoingyBox_Lid.uexp" 383
"J:/Github/FNaF-SB-Modding-Template/Content/Mods/Test/Stuff/Test.uasset" 384
"J:/Github/FNaF-SB-Modding-Template/Content/Mods/Test/Stuff/Test.uexp" 385
"J:/Github/FNaF-SB-Modding-Template/Content/Mods/Test/Stuff/Thow.uasset" 386
"J:/Github/FNaF-SB-Modding-Template/Content/Mods/Test/Stuff/Thow.uexp" 387
"J:/Github/FNaF-SB-Modding-Template/Content/Mods/Test/Stuff/untitled.uasset" 388
"J:/Github/FNaF-SB-Modding-Template/Content/Mods/Test/Stuff/untitled.uexp" 389
"J:/Github/FNaF-SB-Modding-Template/Content/Mods/Test/Stuff/U_Door.uasset" 390
"J:/Github/FNaF-SB-Modding-Template/Content/Mods/Test/Stuff/U_Door.uexp" 391
"J:/Github/FNaF-SB-Modding-Template/Content/Mods/Test/Stuff/AI/TwitchControl.uasset" 392
"J:/Github/FNaF-SB-Modding-Template/Content/Mods/Test/Stuff/AI/TwitchControl.uexp" 393
"J:/Github/FNaF-SB-Modding-Template/Content/Mods/Test/Stuff/AI/U_PatrolActor.uasset" 394
"J:/Github/FNaF-SB-Modding-Template/Content/Mods/Test/Stuff/AI/U_PatrolActor.uexp" 395
"J:/Github/FNaF-SB-Modding-Template/Content/Blueprints/AI/Tasks/Alert/StopAlert.uasset" 396
"J:/Github/FNaF-SB-Modding-Template/Content/Blueprints/AI/Tasks/Alert/StopAlert.uexp" 397
"J:/Github/FNaF-SB-Modding-Template/Content/Blueprints/AI/Tasks/Alert/SendAlert.uasset" 398
"J:/Github/FNaF-SB-Modding-Template/Content/Blueprints/AI/Tasks/Alert/SendAlert.uexp" 399
"J:/Github/FNaF-SB-Modding-Template/Content/Mods/Test/Stuff/AI/Alert/Alert_BB.uasset" 400
"J:/Github/FNaF-SB-Modding-Template/Content/Mods/Test/Stuff/AI/Alert/Alert_BB.uexp" 401
"J:/Github/FNaF-SB-Modding-Template/Content/Mods/Test/Stuff/AI/Alert/Alert_BT.uasset" 402
"J:/Github/FNaF-SB-Modding-Template/Content/Mods/Test/Stuff/AI/Alert/Alert_BT.uexp" 403
"J:/Github/FNaF-SB-Modding-Template/Content/Mods/Test/Stuff/AI/Burntrap/Burntrap.uasset" 404
"J:/Github/FNaF-SB-Modding-Template/Content/Mods/Test/Stuff/AI/Burntrap/Burntrap.uexp" 405
"J:/Github/FNaF-SB-Modding-Template/Content/Mods/Test/Stuff/AI/Burntrap/Burntrap_2.uasset" 406
"J:/Github/FNaF-SB-Modding-Template/Content/Mods/Test/Stuff/AI/Burntrap/Burntrap_2.uexp" 407
"J:/Github/FNaF-SB-Modding-Template/Content/Mods/Test/Stuff/AI/Burntrap/Burntrap_3.uasset" 408
"J:/Github/FNaF-SB-Modding-Template/Content/Mods/Test/Stuff/AI/Burntrap/Burntrap_3.uexp" 409
"J:/Github/FNaF-SB-Modding-Template/Content/Mods/Test/Stuff/AI/Burntrap/Burntrap_4.uasset" 410
"J:/Github/FNaF-SB-Modding-Template/Content/Mods/Test/Stuff/AI/Burntrap/Burntrap_4.uexp" 411
"J:/Github/FNaF-SB-Modding-Template/Content/Blueprints/Player/FirstPersonCharacter.uasset" 412
"J:/Github/FNaF-SB-Modding-Template/Content/Blueprints/Player/FirstPersonCharacter.uexp" 413
"J:/Github/FNaF-SB-Modding-Template/Content/Mods/Test/Stuff/GigaChase/GigaSave.uasset" 414
"J:/Github/FNaF-SB-Modding-Template/Content/Mods/Test/Stuff/GigaChase/GigaSave.uexp" 415
"J:/Github/FNaF-SB-Modding-Template/Content/Mods/Test/Stuff/GigaChase/UI/Start.uasset" 416
"J:/Github/FNaF-SB-Modding-Template/Content/Mods/Test/Stuff/GigaChase/UI/Start.uexp" 417
"J:/Github/FNaF-SB-Modding-Template/Content/Mods/Test/Stuff/GigaChase/UI/Timer.uasset" 418
"J:/Github/FNaF-SB-Modding-Template/Content/Mods/Test/Stuff/GigaChase/UI/Timer.uexp" 419
"J:/Github/FNaF-SB-Modding-Template/Content/Mods/Test/Stuff/GigaChase/AI/Alert_BT.uasset" 420
"J:/Github/FNaF-SB-Modding-Template/Content/Mods/Test/Stuff/GigaChase/AI/Alert_BT.uexp" 421
"J:/Github/FNaF-SB-Modding-Template/Content/Blueprints/AI/Seeker/Monty/MontyShowtime/MontyShowtimeBT.uasset" 422
"J:/Github/FNaF-SB-Modding-Template/Content/Blueprints/AI/Seeker/Monty/MontyShowtime/MontyShowtimeBT.uexp" 423
"J:/Github/FNaF-SB-Modding-Template/Content/Mods/Test/Stuff/GigaChase/Actors/Spawner.uasset" 424
"J:/Github/FNaF-SB-Modding-Template/Content/Mods/Test/Stuff/GigaChase/Actors/Spawner.uexp" 425
"J:/Github/FNaF-SB-Modding-Template/Content/UpdateGameTimeComponent.uasset" 426
"J:/Github/FNaF-SB-Modding-Template/Content/UpdateGameTimeComponent.uexp" 427
"J:/Github/FNaF-SB-Modding-Template/Content/Mods/Test/Stuff/GigaChase/ModActor.uasset" 428
"J:/Github/FNaF-SB-Modding-Template/Content/Mods/Test/Stuff/GigaChase/ModActor.uexp" 429
"J:/Github/FNaF-SB-Modding-Template/Content/Mods/Test/Stuff/Gun/Bullet.uasset" 430
"J:/Github/FNaF-SB-Modding-Template/Content/Mods/Test/Stuff/Gun/Bullet.uexp" 431
"J:/Github/FNaF-SB-Modding-Template/Content/Mods/Test/Stuff/Gun/Gun.uasset" 432
"J:/Github/FNaF-SB-Modding-Template/Content/Mods/Test/Stuff/Gun/Gun.uexp" 433
"J:/Github/FNaF-SB-Modding-Template/Content/ShadingAssets/Materials/MAT_MoonManDistortion1.uasset" 434
"J:/Github/FNaF-SB-Modding-Template/Content/ShadingAssets/Materials/MAT_MoonManDistortion1.uexp" 435
"J:/Github/FNaF-SB-Modding-Template/Content/ShadingAssets/Materials/MAT_MoonManDistortion_Inst.uasset" 436
"J:/Github/FNaF-SB-Modding-Template/Content/ShadingAssets/Materials/MAT_MoonManDistortion_Inst.uexp" 437
"J:/Github/FNaF-SB-Modding-Template/Content/ShadingAssets/Materials/Jim.uasset" 438
"J:/Github/FNaF-SB-Modding-Template/Content/ShadingAssets/Materials/Jim.uexp" 439
"J:/Github/FNaF-SB-Modding-Template/Content/ShadingAssets/Materials/MAT_Playground_Walls.uasset" 440
"J:/Github/FNaF-SB-Modding-Template/Content/ShadingAssets/Materials/MAT_Playground_Walls.uexp" 441
"J:/Github/FNaF-SB-Modding-Template/Content/ShadingAssets/Materials/MAT_Playground_Walls_Holes.uasset" 442
"J:/Github/FNaF-SB-Modding-Template/Content/ShadingAssets/Materials/MAT_Playground_Walls_Holes.uexp" 443
"J:/Github/FNaF-SB-Modding-Template/Content/ShadingAssets/Materials/MAT_Playground_Walls_Holes_GreenandOrange.uasset" 444
"J:/Github/FNaF-SB-Modding-Template/Content/ShadingAssets/Materials/MAT_Playground_Walls_Holes_GreenandOrange.uexp" 445
"J:/Github/FNaF-SB-Modding-Template/Content/ShadingAssets/Materials/MAT_Playground_Walls_Holes_Orange.uasset" 446
"J:/Github/FNaF-SB-Modding-Template/Content/ShadingAssets/Materials/MAT_Playground_Walls_Holes_Orange.uexp" 447
"J:/Github/FNaF-SB-Modding-Template/Content/ShadingAssets/Materials/MAT_Playground_Walls_Holes_Red.uasset" 448
"J:/Github/FNaF-SB-Modding-Template/Content/ShadingAssets/Materials/MAT_Playground_Walls_Holes_Red.uexp" 449
"J:/Github/FNaF-SB-Modding-Template/Content/ShadingAssets/Materials/MAT_Playground_Walls_Holes_RedandBlue.uasset" 450
"J:/Github/FNaF-SB-Modding-Template/Content/ShadingAssets/Materials/MAT_Playground_Walls_Holes_RedandBlue.uexp" 451
"J:/Github/FNaF-SB-Modding-Template/Content/ShadingAssets/Materials/MAT_Playground_Walls_Orange.uasset" 452
"J:/Github/FNaF-SB-Modding-Template/Content/ShadingAssets/Materials/MAT_Playground_Walls_Orange.uexp" 453
"J:/Github/FNaF-SB-Modding-Template/Content/ShadingAssets/Materials/MAT_Playground_Walls_Red.uasset" 454
"J:/Github/FNaF-SB-Modding-Template/Content/ShadingAssets/Materials/MAT_Playground_Walls_Red.uexp" 455
"J:/Github/FNaF-SB-Modding-Template/Content/ShadingAssets/Materials/MAT_VannyDistortion.uasset" 456
"J:/Github/FNaF-SB-Modding-Template/Content/ShadingAssets/Materials/MAT_VannyDistortion.uexp" 457
"J:/Github/FNaF-SB-Modding-Template/Content/ShadingAssets/Materials/MAT_VannyDistortion_Instance.uasset" 458
"J:/Github/FNaF-SB-Modding-Template/Content/ShadingAssets/Materials/MAT_VannyDistortion_Instance.uexp" 459
"J:/Github/FNaF-SB-Modding-Template/Content/ShadingAssets/Materials/MI_Mirror.uasset" 460
"J:/Github/FNaF-SB-Modding-Template/Content/ShadingAssets/Materials/MI_Mirror.uexp" 461
"J:/Github/FNaF-SB-Modding-Template/Content/ShadingAssets/Materials/MWood.uasset" 462
"J:/Github/FNaF-SB-Modding-Template/Content/ShadingAssets/Materials/MWood.uexp" 463
"J:/Github/FNaF-SB-Modding-Template/Content/ShadingAssets/Materials/M_Wood_Floor.uasset" 464
"J:/Github/FNaF-SB-Modding-Template/Content/ShadingAssets/Materials/M_Wood_Floor.uexp" 465
"J:/Github/FNaF-SB-Modding-Template/Content/ShadingAssets/Textures/TEX_Castle_Playarea_Short_Normal.uasset" 466
"J:/Github/FNaF-SB-Modding-Template/Content/ShadingAssets/Textures/TEX_Castle_Playarea_Short_Normal.uexp" 467
"J:/Github/FNaF-SB-Modding-Template/Content/ShadingAssets/Textures/TEX_Castle_Playarea_Short_Normal.ubulk" 468
"J:/Github/FNaF-SB-Modding-Template/Content/ShadingAssets/Textures/TEX_Castle_Playarea_Tall_Normal.uasset" 469
"J:/Github/FNaF-SB-Modding-Template/Content/ShadingAssets/Textures/TEX_Castle_Playarea_Tall_Normal.uexp" 470
"J:/Github/FNaF-SB-Modding-Template/Content/ShadingAssets/Textures/TEX_Castle_Playarea_Tall_Normal.ubulk" 471
"J:/Github/FNaF-SB-Modding-Template/Content/ShadingAssets/Textures/TEX_Gregory_BodyNormal.uasset" 472
"J:/Github/FNaF-SB-Modding-Template/Content/ShadingAssets/Textures/TEX_Gregory_BodyNormal.uexp" 473
"J:/Github/FNaF-SB-Modding-Template/Content/ShadingAssets/Textures/TEX_Gregory_BodyNormal.ubulk" 474
"J:/Github/FNaF-SB-Modding-Template/Content/ShadingAssets/Textures/TEX_Gregory_Body_BaseColor.uasset" 475
"J:/Github/FNaF-SB-Modding-Template/Content/ShadingAssets/Textures/TEX_Gregory_Body_BaseColor.uexp" 476
"J:/Github/FNaF-SB-Modding-Template/Content/ShadingAssets/Textures/TEX_Gregory_Body_BaseColor.ubulk" 477
"J:/Github/FNaF-SB-Modding-Template/Content/ShadingAssets/Textures/TEX_Monty_Body_BaseColor.uasset" 478
"J:/Github/FNaF-SB-Modding-Template/Content/ShadingAssets/Textures/TEX_Monty_Body_BaseColor.uexp" 479
"J:/Github/FNaF-SB-Modding-Template/Content/ShadingAssets/Textures/TEX_Monty_Body_BaseColor.ubulk" 480
"J:/Github/FNaF-SB-Modding-Template/Content/ShadingAssets/Textures/TEX_SecurityFlashlight_BaseColor.uasset" 481
"J:/Github/FNaF-SB-Modding-Template/Content/ShadingAssets/Textures/TEX_SecurityFlashlight_BaseColor.uexp" 482
"J:/Github/FNaF-SB-Modding-Template/Content/ShadingAssets/Textures/TEX_SecurityFlashlight_BaseColor.ubulk" 483
"J:/Github/FNaF-SB-Modding-Template/Content/ShadingAssets/Textures/txt_fx_screen_band.uasset" 484
"J:/Github/FNaF-SB-Modding-Template/Content/ShadingAssets/Textures/txt_fx_screen_band.uexp" 485
"J:/Github/FNaF-SB-Modding-Template/Content/ShadingAssets/Textures/T_CommonPlastiglassStars01.uasset" 486
"J:/Github/FNaF-SB-Modding-Template/Content/ShadingAssets/Textures/T_CommonPlastiglassStars01.uexp" 487
"J:/Github/FNaF-SB-Modding-Template/Content/ShadingAssets/Textures/T_CommonPlastiglassStars01.ubulk" 488
"J:/Github/FNaF-SB-Modding-Template/Content/ShadingAssets/Textures/T_gradient_D.uasset" 489
"J:/Github/FNaF-SB-Modding-Template/Content/ShadingAssets/Textures/T_gradient_D.uexp" 490
"J:/Github/FNaF-SB-Modding-Template/Content/ShadingAssets/Textures/T_gradient_D.ubulk" 491
"J:/Github/FNaF-SB-Modding-Template/Content/ShadingAssets/Textures/T_Noise_11.uasset" 492
"J:/Github/FNaF-SB-Modding-Template/Content/ShadingAssets/Textures/T_Noise_11.uexp" 493
"J:/Github/FNaF-SB-Modding-Template/Content/ShadingAssets/Textures/T_Noise_11.ubulk" 494
"J:/Github/FNaF-SB-Modding-Template/Content/ShadingAssets/Textures/T_Noise_6.uasset" 495
"J:/Github/FNaF-SB-Modding-Template/Content/ShadingAssets/Textures/T_Noise_6.uexp" 496
"J:/Github/FNaF-SB-Modding-Template/Content/ShadingAssets/Textures/T_Noise_6.ubulk" 497
"J:/Github/FNaF-SB-Modding-Template/Content/Tests/AITestHelpers/AutomatedPlayer/AutomatedPlayer.uasset" 498
"J:/Github/FNaF-SB-Modding-Template/Content/Tests/AITestHelpers/AutomatedPlayer/AutomatedPlayer.uexp" 499
"J:/Github/FNaF-SB-Modding-Template/Content/Tests/Maps/ItemTumblerTest/ItemTumblerViewer.uasset" 500
"J:/Github/FNaF-SB-Modding-Template/Content/Tests/Maps/ItemTumblerTest/ItemTumblerViewer.uexp" 501
"J:/Github/FNaF-SB-Modding-Template/Content/Textures/Icons/FazWatch/ItemIcons_2D/TEX_KeyItem_Admission_Pass.uasset" 502
"J:/Github/FNaF-SB-Modding-Template/Content/Textures/Icons/FazWatch/ItemIcons_2D/TEX_KeyItem_Admission_Pass.uexp" 503
"J:/Github/FNaF-SB-Modding-Template/Content/Textures/Icons/FazWatch/ItemIcons_2D/TEX_KeyItem_Admission_Pass.ubulk" 504
"J:/Github/FNaF-SB-Modding-Template/Content/Textures/Icons/FazWatch/ItemIcons_2D/TEX_KeyItem_Hoodie.uasset" 505
"J:/Github/FNaF-SB-Modding-Template/Content/Textures/Icons/FazWatch/ItemIcons_2D/TEX_KeyItem_Hoodie.uexp" 506
"J:/Github/FNaF-SB-Modding-Template/Content/Textures/Icons/FazWatch/ItemIcons_2D/TEX_KeyItem_Hoodie.ubulk" 507
"J:/Github/FNaF-SB-Modding-Template/Content/Textures/Icons/FazWatch/ItemIcons_3D/TEX_KeyItem_Fizzyfaz_Chica.uasset" 508
"J:/Github/FNaF-SB-Modding-Template/Content/Textures/Icons/FazWatch/ItemIcons_3D/TEX_KeyItem_Fizzyfaz_Chica.uexp" 509
"J:/Github/FNaF-SB-Modding-Template/Content/Textures/Icons/FazWatch/ItemIcons_3D/TEX_KeyItem_Fizzyfaz_Freddy.uasset" 510
"J:/Github/FNaF-SB-Modding-Template/Content/Textures/Icons/FazWatch/ItemIcons_3D/TEX_KeyItem_Fizzyfaz_Freddy.uexp" 511
"J:/Github/FNaF-SB-Modding-Template/Content/Textures/Icons/FazWatch/ItemIcons_3D/TEX_KeyItem_Fizzyfaz_Monty.uasset" 512
"J:/Github/FNaF-SB-Modding-Template/Content/Textures/Icons/FazWatch/ItemIcons_3D/TEX_KeyItem_Fizzyfaz_Monty.uexp" 513
"J:/Github/FNaF-SB-Modding-Template/Content/Textures/Icons/FazWatch/ItemIcons_3D/TEX_KeyItem_Fizzyfaz_Roxy.uasset" 514
"J:/Github/FNaF-SB-Modding-Template/Content/Textures/Icons/FazWatch/ItemIcons_3D/TEX_KeyItem_Fizzyfaz_Roxy.uexp" 515
"J:/Github/FNaF-SB-Modding-Template/Content/Textures/Icons/FazWatch/ItemIcons_3D/512Variant/TEX_KeyItem_FlashlightUpgrade_512.uasset" 516
"J:/Github/FNaF-SB-Modding-Template/Content/Textures/Icons/FazWatch/ItemIcons_3D/512Variant/TEX_KeyItem_FlashlightUpgrade_512.uexp" 517
"J:/Github/FNaF-SB-Modding-Template/Content/Textures/Icons/FazWatch/ItemIcons_3D/512Variant/TEX_KeyItem_FlashlightUpgrade_512.ubulk" 518
"J:/Github/FNaF-SB-Modding-Template/Content/Textures/Icons/FazWatch/ItemIcons_3D/512Variant/TEX_KeyItem_Flashlight_512.uasset" 519
"J:/Github/FNaF-SB-Modding-Template/Content/Textures/Icons/FazWatch/ItemIcons_3D/512Variant/TEX_KeyItem_Flashlight_512.uexp" 520
"J:/Github/FNaF-SB-Modding-Template/Content/Textures/Icons/FazWatch/ItemIcons_3D/512Variant/TEX_KeyItem_Flashlight_512.ubulk" 521
"J:/Github/FNaF-SB-Modding-Template/Content/Textures/Icons/FazWatch/ItemIcons_3D/512Variant/TEX_KeyItem_Sweater_02_512.uasset" 522
"J:/Github/FNaF-SB-Modding-Template/Content/Textures/Icons/FazWatch/ItemIcons_3D/512Variant/TEX_KeyItem_Sweater_02_512.uexp" 523
"J:/Github/FNaF-SB-Modding-Template/Content/Textures/Icons/FazWatch/ItemIcons_3D/512Variant/TEX_KeyItem_Sweater_02_512.ubulk" 524
"J:/Github/FNaF-SB-Modding-Template/Content/Textures/Icons/FazWatch/ItemIcons_3D/512Variant/TEX_KeyItem_Sweater_04_512.uasset" 525
"J:/Github/FNaF-SB-Modding-Template/Content/Textures/Icons/FazWatch/ItemIcons_3D/512Variant/TEX_KeyItem_Sweater_04_512.uexp" 526
"J:/Github/FNaF-SB-Modding-Template/Content/Textures/Icons/FazWatch/ItemIcons_3D/512Variant/TEX_KeyItem_Sweater_04_512.ubulk" 527
"J:/Github/FNaF-SB-Modding-Template/Content/Textures/Icons/FazWatch/ItemIcons_3D/512Variant/TEX_KeyItem_Sweater_07_512.uasset" 528
"J:/Github/FNaF-SB-Modding-Template/Content/Textures/Icons/FazWatch/ItemIcons_3D/512Variant/TEX_KeyItem_Sweater_07_512.uexp" 529
"J:/Github/FNaF-SB-Modding-Template/Content/Textures/Icons/FazWatch/ItemIcons_3D/512Variant/TEX_KeyItem_Sweater_07_512.ubulk" 530
"J:/Github/FNaF-SB-Modding-Template/Content/Textures/Icons/FazWatch/ItemIcons_3D/512Variant/TEX_KeyItem_Sweater_09_512.uasset" 531
"J:/Github/FNaF-SB-Modding-Template/Content/Textures/Icons/FazWatch/ItemIcons_3D/512Variant/TEX_KeyItem_Sweater_09_512.uexp" 532
"J:/Github/FNaF-SB-Modding-Template/Content/Textures/Icons/FazWatch/ItemIcons_3D/512Variant/TEX_KeyItem_Sweater_09_512.ubulk" 533
"../../../Engine/Content/Animation/DefaultAnimCurveCompressionSettings.uasset" 534
"../../../Engine/Content/Animation/DefaultAnimCurveCompressionSettings.uexp" 535
"../../../Engine/Content/ArtTools/RenderToTexture/Meshes/S_1_Unit_Plane.uasset" 536
"../../../Engine/Content/ArtTools/RenderToTexture/Meshes/S_1_Unit_Plane.uexp" 537
"../../../Engine/Content/BasicShapes/Cone.uasset" 538
"../../../Engine/Content/BasicShapes/Cone.uexp" 539
"../../../Engine/Content/EditorLandscapeResources/DataLayer.uasset" 540
"../../../Engine/Content/EditorLandscapeResources/DataLayer.uexp" 541
"../../../Engine/Content/EditorLandscapeResources/DefaultAlphaTexture.uasset" 542
"../../../Engine/Content/EditorLandscapeResources/DefaultAlphaTexture.uexp" 543
"../../../Engine/Content/EditorMaterials/MAT_Groups_Toggle.uasset" 544
"../../../Engine/Content/EditorMaterials/MAT_Groups_Toggle.uexp" 545
"../../../Engine/Content/EditorMaterials/MAT_Groups_Visibility.uasset" 546
"../../../Engine/Content/EditorMaterials/MAT_Groups_Visibility.uexp" 547
"../../../Engine/Content/EditorMaterials/PreviewShadowIndicator.uasset" 548
"../../../Engine/Content/EditorMaterials/PreviewShadowIndicator.uexp" 549
"../../../Engine/Content/EditorMaterials/PreviewShadowIndicator.ubulk" 550
"../../../Engine/Content/EditorMaterials/PreviewShadowIndicatorMaterial.uasset" 551
"../../../Engine/Content/EditorMaterials/PreviewShadowIndicatorMaterial.uexp" 552
"../../../Engine/Content/EditorMaterials/MatineeGroups/MAT_ColorTrack.uasset" 553
"../../../Engine/Content/EditorMaterials/MatineeGroups/MAT_ColorTrack.uexp" 554
"../../../Engine/Content/EditorMaterials/MatineeGroups/MAT_Groups_Anim.uasset" 555
"../../../Engine/Content/EditorMaterials/MatineeGroups/MAT_Groups_Anim.uexp" 556
"../../../Engine/Content/EditorMaterials/MatineeGroups/MAT_Groups_AudioMaster.uasset" 557
"../../../Engine/Content/EditorMaterials/MatineeGroups/MAT_Groups_AudioMaster.uexp" 558
"../../../Engine/Content/EditorMaterials/MatineeGroups/MAT_Groups_Director.uasset" 559
"../../../Engine/Content/EditorMaterials/MatineeGroups/MAT_Groups_Director.uexp" 560
"../../../Engine/Content/EditorMaterials/MatineeGroups/MAT_Groups_Event.uasset" 561
"../../../Engine/Content/EditorMaterials/MatineeGroups/MAT_Groups_Event.uexp" 562
"../../../Engine/Content/EditorMaterials/MatineeGroups/MAT_Groups_Fade.uasset" 563
"../../../Engine/Content/EditorMaterials/MatineeGroups/MAT_Groups_Fade.uexp" 564
"../../../Engine/Content/EditorMaterials/MatineeGroups/MAT_Groups_Float.uasset" 565
"../../../Engine/Content/EditorMaterials/MatineeGroups/MAT_Groups_Float.uexp" 566
"../../../Engine/Content/EditorMaterials/MatineeGroups/MAT_Groups_Move.uasset" 567
"../../../Engine/Content/EditorMaterials/MatineeGroups/MAT_Groups_Move.uexp" 568
"../../../Engine/Content/EditorMaterials/MatineeGroups/MAT_Groups_Slomo.uasset" 569
"../../../Engine/Content/EditorMaterials/MatineeGroups/MAT_Groups_Slomo.uexp" 570
"../../../Engine/Content/EditorMaterials/MatineeGroups/MAT_Groups_Sound.uasset" 571
"../../../Engine/Content/EditorMaterials/MatineeGroups/MAT_Groups_Sound.uexp" 572
"../../../Engine/Content/EditorMaterials/MatineeGroups/MAT_Groups_Vector.uasset" 573
"../../../Engine/Content/EditorMaterials/MatineeGroups/MAT_Groups_Vector.uexp" 574
"../../../Engine/Content/EditorMaterials/ParticleSystems/PSysThumbnail_NoImage.uasset" 575
"../../../Engine/Content/EditorMaterials/ParticleSystems/PSysThumbnail_NoImage.uexp" 576
"../../../Engine/Content/EditorMaterials/ParticleSystems/PSysThumbnail_NoImage.ubulk" 577
"../../../Engine/Content/EditorMaterials/ParticleSystems/PSysThumbnail_OOD.uasset" 578
"../../../Engine/Content/EditorMaterials/ParticleSystems/PSysThumbnail_OOD.uexp" 579
"../../../Engine/Content/EditorMaterials/ParticleSystems/PSysThumbnail_OOD.ubulk" 580
"../../../Engine/Content/EditorMaterials/Camera/CineMat.uasset" 581
"../../../Engine/Content/EditorMaterials/Camera/CineMat.uexp" 582
"../../../Engine/Content/EditorMaterials/Camera/MI_CineMat_Rig.uasset" 583
"../../../Engine/Content/EditorMaterials/Camera/MI_CineMat_Rig.uexp" 584
"../../../Engine/Content/EditorMeshes/Camera/SM_CraneRig_Arm.uasset" 585
"../../../Engine/Content/EditorMeshes/Camera/SM_CraneRig_Arm.uexp" 586
"../../../Engine/Content/EditorMeshes/Camera/SM_CraneRig_Base.uasset" 587
"../../../Engine/Content/EditorMeshes/Camera/SM_CraneRig_Base.uexp" 588
"../../../Engine/Content/EditorMeshes/Camera/SM_CraneRig_Body.uasset" 589
"../../../Engine/Content/EditorMeshes/Camera/SM_CraneRig_Body.uexp" 590
"../../../Engine/Content/EditorMeshes/Camera/SM_CraneRig_Mount.uasset" 591
"../../../Engine/Content/EditorMeshes/Camera/SM_CraneRig_Mount.uexp" 592
"../../../Engine/Content/EditorMeshes/Camera/SM_RailRig_Mount.uasset" 593
"../../../Engine/Content/EditorMeshes/Camera/SM_RailRig_Mount.uexp" 594
"../../../Engine/Content/EditorMeshes/Camera/SM_RailRig_Track.uasset" 595
"../../../Engine/Content/EditorMeshes/Camera/SM_RailRig_Track.uexp" 596
"../../../Engine/Content/EditorResources/BSPVertex.uasset" 597
"../../../Engine/Content/EditorResources/BSPVertex.uexp" 598
"../../../Engine/Content/EditorResources/S_Actor.uasset" 599
"../../../Engine/Content/EditorResources/S_Actor.uexp" 600
"../../../Engine/Content/EditorResources/S_Actor.ubulk" 601
"../../../Engine/Content/EditorResources/S_Note.uasset" 602
"../../../Engine/Content/EditorResources/S_Note.uexp" 603
"../../../Engine/Content/EditorResources/S_Note.ubulk" 604
"../../../Engine/Content/EditorResources/S_Solver.uasset" 605
"../../../Engine/Content/EditorResources/S_Solver.uexp" 606
"../../../Engine/Content/EditorResources/S_Solver.ubulk" 607
"../../../Engine/Content/EditorResources/S_Terrain.uasset" 608
"../../../Engine/Content/EditorResources/S_Terrain.uexp" 609
"../../../Engine/Content/EditorResources/S_Terrain.ubulk" 610
"../../../Engine/Content/EditorResources/S_Trigger.uasset" 611
"../../../Engine/Content/EditorResources/S_Trigger.uexp" 612
"../../../Engine/Content/EditorResources/S_Trigger.ubulk" 613
"../../../Engine/Content/EditorResources/SequenceRecorder/Countdown.uasset" 614
"../../../Engine/Content/EditorResources/SequenceRecorder/Countdown.uexp" 615
"../../../Engine/Content/EditorResources/SequenceRecorder/RecordingIndicator.uasset" 616
"../../../Engine/Content/EditorResources/SequenceRecorder/RecordingIndicator.uexp" 617
"../../../Engine/Content/EngineDamageTypes/DmgTypeBP_Environmental.uasset" 618
"../../../Engine/Content/EngineDamageTypes/DmgTypeBP_Environmental.uexp" 619
"../../../Engine/Content/EngineDebugMaterials/DebugEditorMaterial.uasset" 620
"../../../Engine/Content/EngineDebugMaterials/DebugEditorMaterial.uexp" 621
"../../../Engine/Content/EngineDebugMaterials/DebugMeshMaterial.uasset" 622
"../../../Engine/Content/EngineDebugMaterials/DebugMeshMaterial.uexp" 623
"../../../Engine/Content/EngineDebugMaterials/M_SimpleUnlitTranslucent.uasset" 624
"../../../Engine/Content/EngineDebugMaterials/M_SimpleUnlitTranslucent.uexp" 625
"../../../Engine/Content/EngineDebugMaterials/VolumeToRender.uasset" 626
"../../../Engine/Content/EngineDebugMaterials/VolumeToRender.uexp" 627
"../../../Engine/Content/Functions/Engine_MaterialFunctions02/Utility/CameraDirectionVector.uasset" 628
"../../../Engine/Content/Functions/Engine_MaterialFunctions02/Utility/CameraDirectionVector.uexp" 629
"../../../Engine/Content/EngineDebugMaterials/M_VolumeRenderSphereTracePP.uasset" 630
"../../../Engine/Content/EngineDebugMaterials/M_VolumeRenderSphereTracePP.uexp" 631
"../../../Engine/Content/Functions/Engine_MaterialFunctions01/Shading/ConvertFromDiffSpec.uasset" 632
"../../../Engine/Content/Functions/Engine_MaterialFunctions01/Shading/ConvertFromDiffSpec.uexp" 633
"../../../Engine/Content/EngineDebugMaterials/VertexColorMaterial.uasset" 634
"../../../Engine/Content/EngineDebugMaterials/VertexColorMaterial.uexp" 635
"../../../Engine/Content/EngineDebugMaterials/WireframeMaterial.uasset" 636
"../../../Engine/Content/EngineDebugMaterials/WireframeMaterial.uexp" 637
"../../../Engine/Content/EngineFonts/Faces/RobotoRegular.uasset" 638
"../../../Engine/Content/EngineFonts/Faces/RobotoRegular.uexp" 639
"../../../Engine/Content/EngineFonts/Faces/RobotoRegular.ufont" 640
"../../../Engine/Content/EngineFonts/Faces/RobotoLight.uasset" 641
"../../../Engine/Content/EngineFonts/Faces/RobotoLight.uexp" 642
"../../../Engine/Content/EngineFonts/Faces/RobotoLight.ufont" 643
"../../../Engine/Content/EngineFonts/Faces/RobotoItalic.uasset" 644
"../../../Engine/Content/EngineFonts/Faces/RobotoItalic.uexp" 645
"../../../Engine/Content/EngineFonts/Faces/RobotoItalic.ufont" 646
"../../../Engine/Content/EngineFonts/Faces/RobotoBoldItalic.uasset" 647
"../../../Engine/Content/EngineFonts/Faces/RobotoBoldItalic.uexp" 648
"../../../Engine/Content/EngineFonts/Faces/RobotoBoldItalic.ufont" 649
"../../../Engine/Content/EngineFonts/Faces/RobotoBold.uasset" 650
"../../../Engine/Content/EngineFonts/Faces/RobotoBold.uexp" 651
"../../../Engine/Content/EngineFonts/Faces/RobotoBold.ufont" 652
"../../../Engine/Content/EngineFonts/Faces/DroidSansFallback.uasset" 653
"../../../Engine/Content/EngineFonts/Faces/DroidSansFallback.uexp" 654
"../../../Engine/Content/EngineFonts/Faces/DroidSansFallback.ufont" 655
"../../../Engine/Content/EngineFonts/Roboto.uasset" 656
"../../../Engine/Content/EngineFonts/Roboto.uexp" 657
"../../../Engine/Content/EngineMaterials/BaseFlattenNormalMap.uasset" 658
"../../../Engine/Content/EngineMaterials/BaseFlattenNormalMap.uexp" 659
"../../../Engine/Content/EngineMaterials/BaseFlattenGrayscaleMap.uasset" 660
"../../../Engine/Content/EngineMaterials/BaseFlattenGrayscaleMap.uexp" 661
"../../../Engine/Content/EngineMaterials/BaseFlattenEmissiveMap.uasset" 662
"../../../Engine/Content/EngineMaterials/BaseFlattenEmissiveMap.uexp" 663
"../../../Engine/Content/EngineMaterials/BaseFlattenDiffuseMap.uasset" 664
"../../../Engine/Content/EngineMaterials/BaseFlattenDiffuseMap.uexp" 665
"../../../Engine/Content/EngineMaterials/BaseFlattenMaterial.uasset" 666
"../../../Engine/Content/EngineMaterials/BaseFlattenMaterial.uexp" 667
"../../../Engine/Content/EngineMaterials/BlueNoise.uasset" 668
"../../../Engine/Content/EngineMaterials/BlueNoise.uexp" 669
"../../../Engine/Content/EngineMaterials/DefaultBloomKernel.uasset" 670
"../../../Engine/Content/EngineMaterials/DefaultBloomKernel.uexp" 671
"../../../Engine/Content/EngineMaterials/DefaultBokeh.uasset" 672
"../../../Engine/Content/EngineMaterials/DefaultBokeh.uexp" 673
"../../../Engine/Content/EngineMaterials/DefaultDiffuse.uasset" 674
"../../../Engine/Content/EngineMaterials/DefaultDiffuse.uexp" 675
"../../../Engine/Content/EngineMaterials/DefaultDiffuse.ubulk" 676
"../../../Engine/Content/EngineMaterials/DefaultDeferredDecalMaterial.uasset" 677
"../../../Engine/Content/EngineMaterials/DefaultDeferredDecalMaterial.uexp" 678
"../../../Engine/Content/EngineMaterials/DefaultLightFunctionMaterial.uasset" 679
"../../../Engine/Content/EngineMaterials/DefaultLightFunctionMaterial.uexp" 680
"../../../Engine/Content/EngineMaterials/DefaultNormal.uasset" 681
"../../../Engine/Content/EngineMaterials/DefaultNormal.uexp" 682
"../../../Engine/Content/EngineMaterials/DefaultNormal.ubulk" 683
"../../../Engine/Content/EngineMaterials/DefaultPhysicalMaterial.uasset" 684
"../../../Engine/Content/EngineMaterials/DefaultPhysicalMaterial.uexp" 685
"../../../Engine/Content/Functions/Engine_MaterialFunctions02/Utility/BreakOutFloat2Components.uasset" 686
"../../../Engine/Content/Functions/Engine_MaterialFunctions02/Utility/BreakOutFloat2Components.uexp" 687
"../../../Engine/Content/EngineMaterials/DefaultPostProcessMaterial.uasset" 688
"../../../Engine/Content/EngineMaterials/DefaultPostProcessMaterial.uexp" 689
"../../../Engine/Content/EngineFonts/RobotoDistanceField.uasset" 690
"../../../Engine/Content/EngineFonts/RobotoDistanceField.uexp" 691
"../../../Engine/Content/EngineMaterials/DefaultTextMaterialOpaque.uasset" 692
"../../../Engine/Content/EngineMaterials/DefaultTextMaterialOpaque.uexp" 693
"../../../Engine/Content/EngineMaterials/DefaultWhiteGrid.uasset" 694
"../../../Engine/Content/EngineMaterials/DefaultWhiteGrid.uexp" 695
"../../../Engine/Content/EngineMaterials/DefaultWhiteGrid.ubulk" 696
"../../../Engine/Content/EngineMaterials/DefaultWhiteGrid_Low.uasset" 697
"../../../Engine/Content/EngineMaterials/DefaultWhiteGrid_Low.uexp" 698
"../../../Engine/Content/EngineMaterials/EmissiveMeshMaterial.uasset" 699
"../../../Engine/Content/EngineMaterials/EmissiveMeshMaterial.uexp" 700
"../../../Engine/Content/EngineMaterials/GizmoMaterial.uasset" 701
"../../../Engine/Content/EngineMaterials/GizmoMaterial.uexp" 702
"../../../Engine/Content/EngineMaterials/Good64x64TilingNoiseHighFreq.uasset" 703
"../../../Engine/Content/EngineMaterials/Good64x64TilingNoiseHighFreq.uexp" 704
"../../../Engine/Content/EngineMaterials/MiniFont.uasset" 705
"../../../Engine/Content/EngineMaterials/MiniFont.uexp" 706
"../../../Engine/Content/EngineMaterials/InvalidLightmapSettings.uasset" 707
"../../../Engine/Content/EngineMaterials/InvalidLightmapSettings.uexp" 708
"../../../Engine/Content/EngineMaterials/InvalidLightmapSettings.ubulk" 709
"../../../Engine/Content/EngineMaterials/M_InvalidLightmapSettings.uasset" 710
"../../../Engine/Content/EngineMaterials/M_InvalidLightmapSettings.uexp" 711
"../../../Engine/Content/Functions/Engine_MaterialFunctions02/WorldPositionOffset/CameraOffset.uasset" 712
"../../../Engine/Content/Functions/Engine_MaterialFunctions02/WorldPositionOffset/CameraOffset.uexp" 713
"../../../Engine/Content/EngineMaterials/PhAT_JointLimitMaterial.uasset" 714
"../../../Engine/Content/EngineMaterials/PhAT_JointLimitMaterial.uexp" 715
"../../../Engine/Content/EngineMaterials/DefaultCalibrationColor.uasset" 716
"../../../Engine/Content/EngineMaterials/DefaultCalibrationColor.uexp" 717
"../../../Engine/Content/EngineMaterials/PPM_DefaultCalibrationColor.uasset" 718
"../../../Engine/Content/EngineMaterials/PPM_DefaultCalibrationColor.uexp" 719
"../../../Engine/Content/EngineMaterials/DefaultCalibrationGrayscale.uasset" 720
"../../../Engine/Content/EngineMaterials/DefaultCalibrationGrayscale.uexp" 721
"../../../Engine/Content/EngineMaterials/PPM_DefaultCalibrationGrayscale.uasset" 722
"../../../Engine/Content/EngineMaterials/PPM_DefaultCalibrationGrayscale.uexp" 723
"../../../Engine/Content/EngineMaterials/PreintegratedSkinBRDF.uasset" 724
"../../../Engine/Content/EngineMaterials/PreintegratedSkinBRDF.uexp" 725
"../../../Engine/Content/EngineMaterials/RemoveSurfaceMaterial.uasset" 726
"../../../Engine/Content/EngineMaterials/RemoveSurfaceMaterial.uexp" 727
"../../../Engine/Content/EngineMaterials/WeightMapPlaceholderTexture.uasset" 728
"../../../Engine/Content/EngineMaterials/WeightMapPlaceholderTexture.uexp" 729
"../../../Engine/Content/EngineResources/WhiteSquareTexture.uasset" 730
"../../../Engine/Content/EngineResources/WhiteSquareTexture.uexp" 731
"../../../Engine/Content/EngineMaterials/Widget3DPassThrough.uasset" 732
"../../../Engine/Content/EngineMaterials/Widget3DPassThrough.uexp" 733
"../../../Engine/Content/EngineMaterials/Widget3DPassThrough_Masked.uasset" 734
"../../../Engine/Content/EngineMaterials/Widget3DPassThrough_Masked.uexp" 735
"../../../Engine/Content/EngineMaterials/Widget3DPassThrough_Opaque.uasset" 736
"../../../Engine/Content/EngineMaterials/Widget3DPassThrough_Opaque.uexp" 737
"../../../Engine/Content/EngineMaterials/Widget3DPassThrough_Masked_OneSided.uasset" 738
"../../../Engine/Content/EngineMaterials/Widget3DPassThrough_Masked_OneSided.uexp" 739
"../../../Engine/Content/EngineMaterials/Widget3DPassThrough_Opaque_OneSided.uasset" 740
"../../../Engine/Content/EngineMaterials/Widget3DPassThrough_Opaque_OneSided.uexp" 741
"../../../Engine/Content/EngineMaterials/Widget3DPassThrough_Translucent.uasset" 742
"../../../Engine/Content/EngineMaterials/Widget3DPassThrough_Translucent.uexp" 743
"../../../Engine/Content/EngineMaterials/Widget3DPassThrough_Translucent_OneSided.uasset" 744
"../../../Engine/Content/EngineMaterials/Widget3DPassThrough_Translucent_OneSided.uexp" 745
"../../../Engine/Content/EngineMeshes/Cylinder.uasset" 746
"../../../Engine/Content/EngineMeshes/Cylinder.uexp" 747
"../../../Engine/Content/EngineMeshes/Sphere.uasset" 748
"../../../Engine/Content/EngineMeshes/Sphere.uexp" 749
"../../../Engine/Content/EngineResources/DefaultTexture.uasset" 750
"../../../Engine/Content/EngineResources/DefaultTexture.uexp" 751
"../../../Engine/Content/EngineResources/DefaultTexture.ubulk" 752
"../../../Engine/Content/EngineResources/DefaultTextureCube.uasset" 753
"../../../Engine/Content/EngineResources/DefaultTextureCube.uexp" 754
"../../../Engine/Content/EngineResources/DefaultVolumeTexture2D.uasset" 755
"../../../Engine/Content/EngineResources/DefaultVolumeTexture2D.uexp" 756
"../../../Engine/Content/EngineResources/DefaultVolumeTexture.uasset" 757
"../../../Engine/Content/EngineResources/DefaultVolumeTexture.uexp" 758
"../../../Engine/Content/EngineResources/GradientTexture0.uasset" 759
"../../../Engine/Content/EngineResources/GradientTexture0.uexp" 760
"../../../Engine/Content/EngineSky/VolumetricClouds/T_NoiseShape64.uasset" 761
"../../../Engine/Content/EngineSky/VolumetricClouds/T_NoiseShape64.uexp" 762
"../../../Engine/Content/EngineSky/VolumetricClouds/T_NoiseShape64.ubulk" 763
"../../../Engine/Content/EngineSky/VolumetricClouds/T_VolumeNoiseShape64.uasset" 764
"../../../Engine/Content/EngineSky/VolumetricClouds/T_VolumeNoiseShape64.uexp" 765
"../../../Engine/Content/EngineSky/VolumetricClouds/T_NoiseErosion.uasset" 766
"../../../Engine/Content/EngineSky/VolumetricClouds/T_NoiseErosion.uexp" 767
"../../../Engine/Content/EngineSky/VolumetricClouds/T_NoiseErosion.ubulk" 768
"../../../Engine/Content/EngineSky/VolumetricClouds/T_VolumeNoiseErosion32.uasset" 769
"../../../Engine/Content/EngineSky/VolumetricClouds/T_VolumeNoiseErosion32.uexp" 770
"../../../Engine/Content/EngineSky/VolumetricClouds/CloudWeatherTexture.uasset" 771
"../../../Engine/Content/EngineSky/VolumetricClouds/CloudWeatherTexture.uexp" 772
"../../../Engine/Content/EngineSky/VolumetricClouds/CloudGradientTexture.uasset" 773
"../../../Engine/Content/EngineSky/VolumetricClouds/CloudGradientTexture.uexp" 774
"../../../Engine/Content/Functions/Engine_MaterialFunctions02/Utility/MakeFloat2.uasset" 775
"../../../Engine/Content/Functions/Engine_MaterialFunctions02/Utility/MakeFloat2.uexp" 776
"../../../Engine/Content/EngineSky/VolumetricClouds/m_SimpleVolumetricCloud.uasset" 777
"../../../Engine/Content/EngineSky/VolumetricClouds/m_SimpleVolumetricCloud.uexp" 778
"../../../Engine/Content/EngineSky/VolumetricClouds/m_SimpleVolumetricCloud_Inst.uasset" 779
"../../../Engine/Content/EngineSky/VolumetricClouds/m_SimpleVolumetricCloud_Inst.uexp" 780
"../../../Engine/Content/EngineSounds/Master.uasset" 781
"../../../Engine/Content/EngineSounds/Master.uexp" 782
"../../../Engine/Content/Functions/Engine_MaterialFunctions01/Density/ExponentialDensity.uasset" 783
"../../../Engine/Content/Functions/Engine_MaterialFunctions01/Density/ExponentialDensity.uexp" 784
"../../../Engine/Content/Functions/Engine_MaterialFunctions01/Gradient/RadialGradientExponential.uasset" 785
"../../../Engine/Content/Functions/Engine_MaterialFunctions01/Gradient/RadialGradientExponential.uexp" 786
"../../../Engine/Content/Functions/Engine_MaterialFunctions01/Shading/PowerToRoughness.uasset" 787
"../../../Engine/Content/Functions/Engine_MaterialFunctions01/Shading/PowerToRoughness.uexp" 788
"../../../Engine/Content/Functions/Engine_MaterialFunctions02/ScreenResolution.uasset" 789
"../../../Engine/Content/Functions/Engine_MaterialFunctions02/ScreenResolution.uexp" 790
"../../../Engine/Content/Functions/Engine_MaterialFunctions02/Texturing/ScreenAlignedPixelToPixelUVs.uasset" 791
"../../../Engine/Content/Functions/Engine_MaterialFunctions02/Texturing/ScreenAlignedPixelToPixelUVs.uexp" 792
"../../../Engine/Content/Maps/Templates/Thumbnails/Default.uasset" 793
"../../../Engine/Content/Maps/Templates/Thumbnails/Default.uexp" 794
"../../../Engine/Content/Maps/Templates/Thumbnails/TimeOfDay.uasset" 795
"../../../Engine/Content/Maps/Templates/Thumbnails/TimeOfDay.uexp" 796
"../../../Engine/Content/Maps/Templates/Thumbnails/VR-Basic.uasset" 797
"../../../Engine/Content/Maps/Templates/Thumbnails/VR-Basic.uexp" 798
"../../../Engine/Content/MobileResources/T_MobileControls_texture.uasset" 799
"../../../Engine/Content/MobileResources/T_MobileControls_texture.uexp" 800
"../../../Engine/Content/MobileResources/T_MobileMenu2.uasset" 801
"../../../Engine/Content/MobileResources/T_MobileMenu2.uexp" 802
"../../../Engine/Content/MobileResources/HUD/AnalogHat.uasset" 803
"../../../Engine/Content/MobileResources/HUD/AnalogHat.uexp" 804
"../../../Engine/Content/MobileResources/HUD/VirtualJoystick_Thumb.uasset" 805
"../../../Engine/Content/MobileResources/HUD/VirtualJoystick_Thumb.uexp" 806
"../../../Engine/Content/MobileResources/HUD/VirtualJoystick_Background.uasset" 807
"../../../Engine/Content/MobileResources/HUD/VirtualJoystick_Background.uexp" 808
"../../../Engine/Content/MobileResources/HUD/DefaultVirtualJoysticks.uasset" 809
"../../../Engine/Content/MobileResources/HUD/DefaultVirtualJoysticks.uexp" 810
"../../../Engine/Content/MobileResources/HUD/LeftVirtualJoystickOnly.uasset" 811
"../../../Engine/Content/MobileResources/HUD/LeftVirtualJoystickOnly.uexp" 812
"../../../Engine/Content/MobileResources/HUD/MobileHUDButton1_off.uasset" 813
"../../../Engine/Content/MobileResources/HUD/MobileHUDButton1_off.uexp" 814
"../../../Engine/Content/MobileResources/HUD/MobileHUDButton1_on.uasset" 815
"../../../Engine/Content/MobileResources/HUD/MobileHUDButton1_on.uexp" 816
"../../../Engine/Content/MobileResources/HUD/MobileHUDButton2_off.uasset" 817
"../../../Engine/Content/MobileResources/HUD/MobileHUDButton2_off.uexp" 818
"../../../Engine/Content/MobileResources/HUD/MobileHUDButton2_on.uasset" 819
"../../../Engine/Content/MobileResources/HUD/MobileHUDButton2_on.uexp" 820
"../../../Engine/Content/MobileResources/HUD/MobileHUDButton3.uasset" 821
"../../../Engine/Content/MobileResources/HUD/MobileHUDButton3.uexp" 822
"../../../Engine/Content/MobileResources/HUD/MobileHUDButtonFire.uasset" 823
"../../../Engine/Content/MobileResources/HUD/MobileHUDButtonFire.uexp" 824
"../../../Engine/Content/MobileResources/HUD/MobileHUDDirectionPad.uasset" 825
"../../../Engine/Content/MobileResources/HUD/MobileHUDDirectionPad.uexp" 826
"../../../Engine/Content/MobileResources/HUD/MobileHUDDirectionPad2.uasset" 827
"../../../Engine/Content/MobileResources/HUD/MobileHUDDirectionPad2.uexp" 828
"../../../Engine/Content/MobileResources/HUD/MobileHUDDirectionPad3.uasset" 829
"../../../Engine/Content/MobileResources/HUD/MobileHUDDirectionPad3.uexp" 830
"../../../Engine/Content/MobileResources/HUD/MobileHUDDirectionStick.uasset" 831
"../../../Engine/Content/MobileResources/HUD/MobileHUDDirectionStick.uexp" 832
"../../../Engine/Content/MobileResources/HUD/T_Castle_ThumbstickInner.uasset" 833
"../../../Engine/Content/MobileResources/HUD/T_Castle_ThumbstickInner.uexp" 834
"../../../Engine/Content/MobileResources/HUD/T_Castle_ThumbstickOutter.uasset" 835
"../../../Engine/Content/MobileResources/HUD/T_Castle_ThumbstickOutter.uexp" 836
"../../../Engine/Content/Tutorial/ContentIntroCurve.uasset" 837
"../../../Engine/Content/Tutorial/ContentIntroCurve.uexp" 838
"../../../Engine/Content/Tutorial/Basics/TutorialAssets/icon_tab_Levels_40x.uasset" 839
"../../../Engine/Content/Tutorial/Basics/TutorialAssets/icon_tab_Levels_40x.uexp" 840
"../../../Engine/Content/Tutorial/BlueprintTutorials/TutorialAssets/Blueprint_64x.uasset" 841
"../../../Engine/Content/Tutorial/BlueprintTutorials/TutorialAssets/Blueprint_64x.uexp" 842
"../../../Engine/Content/VREditor/TransformGizmo/TranslucentTransformGizmoMaterial.uasset" 843
"../../../Engine/Content/VREditor/TransformGizmo/TranslucentTransformGizmoMaterial.uexp" 844
"../../../Engine/Content/VREditor/LaserPointer/VR_LaserPower_01.uasset" 845
"../../../Engine/Content/VREditor/LaserPointer/VR_LaserPower_01.uexp" 846
"../../../Engine/Content/VREditor/LaserPointer/VR_LaserPower_01.ubulk" 847
"../../../Engine/Content/VREditor/TransformGizmo/TransformGizmoMaterial.uasset" 848
"../../../Engine/Content/VREditor/TransformGizmo/TransformGizmoMaterial.uexp" 849
"../../../Engine/Content/VREditor/TransformGizmo/BoundingBoxCorner.uasset" 850
"../../../Engine/Content/VREditor/TransformGizmo/BoundingBoxCorner.uexp" 851
"../../../Engine/Content/VREditor/TransformGizmo/BoundingBoxEdge.uasset" 852
"../../../Engine/Content/VREditor/TransformGizmo/BoundingBoxEdge.uexp" 853
"../../../Engine/Content/VREditor/TransformGizmo/PlaneTranslationHandle.uasset" 854
"../../../Engine/Content/VREditor/TransformGizmo/PlaneTranslationHandle.uexp" 855
"../../../Engine/Content/VREditor/TransformGizmo/Xray.uasset" 856
"../../../Engine/Content/VREditor/TransformGizmo/Xray.uexp" 857
"../../../Engine/Content/VREditor/TransformGizmo/Main.uasset" 858
"../../../Engine/Content/VREditor/TransformGizmo/Main.uexp" 859
"../../../Engine/Content/VREditor/TransformGizmo/SM_Sequencer_Key.uasset" 860
"../../../Engine/Content/VREditor/TransformGizmo/SM_Sequencer_Key.uexp" 861
"../../../Engine/Content/VREditor/TransformGizmo/SM_Sequencer_Node.uasset" 862
"../../../Engine/Content/VREditor/TransformGizmo/SM_Sequencer_Node.uexp" 863
"../../../Engine/Plugins/2D/Paper2D/Content/PlaceholderTextures/DummySpriteTexture.uasset" 864
"../../../Engine/Plugins/2D/Paper2D/Content/PlaceholderTextures/DummySpriteTexture.uexp" 865
"../../../Engine/Plugins/2D/Paper2D/Content/PlaceholderTextures/DummySpriteTexture.ubulk" 866
"../../../Engine/Plugins/2D/Paper2D/Content/DummySprite.uasset" 867
"../../../Engine/Plugins/2D/Paper2D/Content/DummySprite.uexp" 868
"../../../Engine/Plugins/2D/Paper2D/Content/DefaultPaperTerrainMaterial.uasset" 869
"../../../Engine/Plugins/2D/Paper2D/Content/DefaultPaperTerrainMaterial.uexp" 870
"../../../Engine/Plugins/2D/Paper2D/Content/DefaultSpriteMaterial.uasset" 871
"../../../Engine/Plugins/2D/Paper2D/Content/DefaultSpriteMaterial.uexp" 872
"../../../Engine/Plugins/2D/Paper2D/Content/MaskedUnlitSpriteMaterial.uasset" 873
"../../../Engine/Plugins/2D/Paper2D/Content/MaskedUnlitSpriteMaterial.uexp" 874
"../../../Engine/Plugins/2D/Paper2D/Content/OpaqueUnlitSpriteMaterial.uasset" 875
"../../../Engine/Plugins/2D/Paper2D/Content/OpaqueUnlitSpriteMaterial.uexp" 876
"../../../Engine/Plugins/Editor/SpeedTreeImporter/Content/SpeedTree9/game_wind_noise.uasset" 877
"../../../Engine/Plugins/Editor/SpeedTreeImporter/Content/SpeedTree9/game_wind_noise.uexp" 878
"../../../Engine/Plugins/Editor/SpeedTreeImporter/Content/SpeedTree9/game_wind_noise.ubulk" 879
"../../../Engine/Plugins/Editor/SpeedTreeImporter/Content/SpeedTree9/EmptyNormal.uasset" 880
"../../../Engine/Plugins/Editor/SpeedTreeImporter/Content/SpeedTree9/EmptyNormal.uexp" 881
"../../../Engine/Plugins/Editor/SpeedTreeImporter/Content/SpeedTree9/Empty.uasset" 882
"../../../Engine/Plugins/Editor/SpeedTreeImporter/Content/SpeedTree9/Empty.uexp" 883
"../../../Engine/Content/Functions/Engine_MaterialFunctions02/Utility/BreakOutFloat3Components.uasset" 884
"../../../Engine/Content/Functions/Engine_MaterialFunctions02/Utility/BreakOutFloat3Components.uexp" 885
"../../../Engine/Plugins/Editor/SpeedTreeImporter/Content/SpeedTree9/UnpackInteger3.uasset" 886
"../../../Engine/Plugins/Editor/SpeedTreeImporter/Content/SpeedTree9/UnpackInteger3.uexp" 887
"../../../Engine/Plugins/Editor/SpeedTreeImporter/Content/SpeedTree9/UnpackDirection.uasset" 888
"../../../Engine/Plugins/Editor/SpeedTreeImporter/Content/SpeedTree9/UnpackDirection.uexp" 889
"../../../Engine/Content/Functions/Engine_MaterialFunctions02/SafeNormalize.uasset" 890
"../../../Engine/Content/Functions/Engine_MaterialFunctions02/SafeNormalize.uexp" 891
"../../../Engine/Plugins/Editor/SpeedTreeImporter/Content/SpeedTree9/SpeedTreeWindMotion.uasset" 892
"../../../Engine/Plugins/Editor/SpeedTreeImporter/Content/SpeedTree9/SpeedTreeWindMotion.uexp" 893
"../../../Engine/Plugins/Editor/SpeedTreeImporter/Content/SpeedTree9/SpeedTreeBranchMotion.uasset" 894
"../../../Engine/Plugins/Editor/SpeedTreeImporter/Content/SpeedTree9/SpeedTreeBranchMotion.uexp" 895
"../../../Engine/Content/Functions/Engine_MaterialFunctions02/ObjectLocalBounds.uasset" 896
"../../../Engine/Content/Functions/Engine_MaterialFunctions02/ObjectLocalBounds.uexp" 897
"../../../Engine/Content/Functions/Engine_MaterialFunctions02/UVs/BoundingBoxBased_0-1_UVW.uasset" 898
"../../../Engine/Content/Functions/Engine_MaterialFunctions02/UVs/BoundingBoxBased_0-1_UVW.uexp" 899
"../../../Engine/Content/Functions/Engine_MaterialFunctions02/Utility/VectorLength.uasset" 900
"../../../Engine/Content/Functions/Engine_MaterialFunctions02/Utility/VectorLength.uexp" 901
"../../../Engine/Content/Functions/Engine_MaterialFunctions02/WorldPositionOffset/ObjectScale.uasset" 902
"../../../Engine/Content/Functions/Engine_MaterialFunctions02/WorldPositionOffset/ObjectScale.uexp" 903
"../../../Engine/Plugins/Editor/SpeedTreeImporter/Content/SpeedTree9/SpeedTreeWind.uasset" 904
"../../../Engine/Plugins/Editor/SpeedTreeImporter/Content/SpeedTree9/SpeedTreeWind.uexp" 905
"../../../Engine/Plugins/Editor/SpeedTreeImporter/Content/SpeedTree9/SpeedTreeBillboard.uasset" 906
"../../../Engine/Plugins/Editor/SpeedTreeImporter/Content/SpeedTree9/SpeedTreeBillboard.uexp" 907
"../../../Engine/Plugins/Editor/SpeedTreeImporter/Content/SpeedTree9/SpeedTreeBillboardMaster.uasset" 908
"../../../Engine/Plugins/Editor/SpeedTreeImporter/Content/SpeedTree9/SpeedTreeBillboardMaster.uexp" 909
"../../../Engine/Plugins/Editor/SpeedTreeImporter/Content/SpeedTree9/SpeedTreeCameraFacing.uasset" 910
"../../../Engine/Plugins/Editor/SpeedTreeImporter/Content/SpeedTree9/SpeedTreeCameraFacing.uexp" 911
"../../../Engine/Plugins/Editor/SpeedTreeImporter/Content/SpeedTree9/SpeedTreeMaster.uasset" 912
"../../../Engine/Plugins/Editor/SpeedTreeImporter/Content/SpeedTree9/SpeedTreeMaster.uexp" 913
"../../../Engine/Content/BasicShapes/Cylinder.uasset" 914
"../../../Engine/Content/BasicShapes/Cylinder.uexp" 915
"../../../Engine/Content/ArtTools/RenderToTexture/Materials/Debug/M_Emissive_Color.uasset" 916
"../../../Engine/Content/ArtTools/RenderToTexture/Materials/Debug/M_Emissive_Color.uexp" 917
"../../../Engine/Plugins/Lumin/MagicLeapPassableWorld/Content/MagicLeapARPinInfoActor.uasset" 918
"../../../Engine/Plugins/Lumin/MagicLeapPassableWorld/Content/MagicLeapARPinInfoActor.uexp" 919
"../../../Engine/Plugins/Runtime/OpenXR/Content/Devices/GoogleDaydream/MRTexture.uasset" 920
"../../../Engine/Plugins/Runtime/OpenXR/Content/Devices/GoogleDaydream/MRTexture.uexp" 921
"../../../Engine/Plugins/Runtime/OpenXR/Content/Devices/GoogleDaydream/MRTexture.ubulk" 922
"../../../Engine/Plugins/Runtime/OpenXR/Content/Devices/GoogleDaydream/BaseTexture.uasset" 923
"../../../Engine/Plugins/Runtime/OpenXR/Content/Devices/GoogleDaydream/BaseTexture.uexp" 924
"../../../Engine/Plugins/Runtime/OpenXR/Content/Devices/GoogleDaydream/BaseTexture.ubulk" 925
"../../../Engine/Content/EngineResources/Black.uasset" 926
"../../../Engine/Content/EngineResources/Black.uexp" 927
"../../../Engine/Plugins/Runtime/OpenXR/Content/Devices/M_XRController.uasset" 928
"../../../Engine/Plugins/Runtime/OpenXR/Content/Devices/M_XRController.uexp" 929
"../../../Engine/Plugins/Runtime/OpenXR/Content/Devices/GoogleDaydream/MI_GoogleDaydream.uasset" 930
"../../../Engine/Plugins/Runtime/OpenXR/Content/Devices/GoogleDaydream/MI_GoogleDaydream.uexp" 931
"../../../Engine/Plugins/Runtime/OpenXR/Content/Devices/GoogleDaydream/GoogleDaydreamController.uasset" 932
"../../../Engine/Plugins/Runtime/OpenXR/Content/Devices/GoogleDaydream/GoogleDaydreamController.uexp" 933
"../../../Engine/Plugins/Runtime/OpenXR/Content/Devices/HTCVive/BaseTexture.uasset" 934
"../../../Engine/Plugins/Runtime/OpenXR/Content/Devices/HTCVive/BaseTexture.uexp" 935
"../../../Engine/Plugins/Runtime/OpenXR/Content/Devices/HTCVive/BaseTexture.ubulk" 936
"../../../Engine/Plugins/Runtime/OpenXR/Content/Devices/HTCVive/MI_HTCVive.uasset" 937
"../../../Engine/Plugins/Runtime/OpenXR/Content/Devices/HTCVive/MI_HTCVive.uexp" 938
"../../../Engine/Plugins/Runtime/OpenXR/Content/Devices/HTCVive/HTCViveController.uasset" 939
"../../../Engine/Plugins/Runtime/OpenXR/Content/Devices/HTCVive/HTCViveController.uexp" 940
"../../../Engine/Plugins/Runtime/OpenXR/Content/Devices/MicrosoftMixedReality/NormalTexture.uasset" 941
"../../../Engine/Plugins/Runtime/OpenXR/Content/Devices/MicrosoftMixedReality/NormalTexture.uexp" 942
"../../../Engine/Plugins/Runtime/OpenXR/Content/Devices/MicrosoftMixedReality/NormalTexture.ubulk" 943
"../../../Engine/Plugins/Runtime/OpenXR/Content/Devices/MicrosoftMixedReality/MRTexture.uasset" 944
"../../../Engine/Plugins/Runtime/OpenXR/Content/Devices/MicrosoftMixedReality/MRTexture.uexp" 945
"../../../Engine/Plugins/Runtime/OpenXR/Content/Devices/MicrosoftMixedReality/MRTexture.ubulk" 946
"../../../Engine/Plugins/Runtime/OpenXR/Content/Devices/MicrosoftMixedReality/EmissiveTexture.uasset" 947
"../../../Engine/Plugins/Runtime/OpenXR/Content/Devices/MicrosoftMixedReality/EmissiveTexture.uexp" 948
"../../../Engine/Plugins/Runtime/OpenXR/Content/Devices/MicrosoftMixedReality/EmissiveTexture.ubulk" 949
"../../../Engine/Plugins/Runtime/OpenXR/Content/Devices/MicrosoftMixedReality/BaseTexture.uasset" 950
"../../../Engine/Plugins/Runtime/OpenXR/Content/Devices/MicrosoftMixedReality/BaseTexture.uexp" 951
"../../../Engine/Plugins/Runtime/OpenXR/Content/Devices/MicrosoftMixedReality/BaseTexture.ubulk" 952
"../../../Engine/Plugins/Runtime/OpenXR/Content/Devices/MicrosoftMixedReality/MI_MicrosoftMixedReality.uasset" 953
"../../../Engine/Plugins/Runtime/OpenXR/Content/Devices/MicrosoftMixedReality/MI_MicrosoftMixedReality.uexp" 954
"../../../Engine/Plugins/Runtime/OpenXR/Content/Devices/MicrosoftMixedReality/Left/left_MicrosoftMixedRealityController.uasset" 955
"../../../Engine/Plugins/Runtime/OpenXR/Content/Devices/MicrosoftMixedReality/Left/left_MicrosoftMixedRealityController.uexp" 956
"../../../Engine/Plugins/Runtime/OpenXR/Content/Devices/MicrosoftMixedReality/Right/right_MicrosoftMixedRealityController.uasset" 957
"../../../Engine/Plugins/Runtime/OpenXR/Content/Devices/MicrosoftMixedReality/Right/right_MicrosoftMixedRealityController.uexp" 958
"../../../Engine/Plugins/Runtime/OpenXR/Content/Devices/OculusGo/BaseTexture.uasset" 959
"../../../Engine/Plugins/Runtime/OpenXR/Content/Devices/OculusGo/BaseTexture.uexp" 960
"../../../Engine/Plugins/Runtime/OpenXR/Content/Devices/OculusGo/BaseTexture.ubulk" 961
"../../../Engine/Plugins/Runtime/OpenXR/Content/Devices/OculusGo/MI_OculusGo.uasset" 962
"../../../Engine/Plugins/Runtime/OpenXR/Content/Devices/OculusGo/MI_OculusGo.uexp" 963
"../../../Engine/Plugins/Runtime/OpenXR/Content/Devices/OculusGo/OculusGoController.uasset" 964
"../../../Engine/Plugins/Runtime/OpenXR/Content/Devices/OculusGo/OculusGoController.uexp" 965
"../../../Engine/Plugins/Runtime/OpenXR/Content/Devices/OculusTouch/MRTexture.uasset" 966
"../../../Engine/Plugins/Runtime/OpenXR/Content/Devices/OculusTouch/MRTexture.uexp" 967
"../../../Engine/Plugins/Runtime/OpenXR/Content/Devices/OculusTouch/MRTexture.ubulk" 968
"../../../Engine/Plugins/Runtime/OpenXR/Content/Devices/OculusTouch/BaseTexture.uasset" 969
"../../../Engine/Plugins/Runtime/OpenXR/Content/Devices/OculusTouch/BaseTexture.uexp" 970
"../../../Engine/Plugins/Runtime/OpenXR/Content/Devices/OculusTouch/BaseTexture.ubulk" 971
"../../../Engine/Plugins/Runtime/OpenXR/Content/Devices/OculusTouch/MI_OculusTouch.uasset" 972
"../../../Engine/Plugins/Runtime/OpenXR/Content/Devices/OculusTouch/MI_OculusTouch.uexp" 973
"../../../Engine/Plugins/Runtime/OpenXR/Content/Devices/OculusTouch/Left/left_OculusTouchController.uasset" 974
"../../../Engine/Plugins/Runtime/OpenXR/Content/Devices/OculusTouch/Left/left_OculusTouchController.uexp" 975
"../../../Engine/Plugins/Runtime/OpenXR/Content/Devices/OculusTouch/Right/right_OculusTouchController.uasset" 976
"../../../Engine/Plugins/Runtime/OpenXR/Content/Devices/OculusTouch/Right/right_OculusTouchController.uexp" 977
"../../../Engine/Plugins/Runtime/OpenXR/Content/Devices/OculusTouch_v2/MRTexture.uasset" 978
"../../../Engine/Plugins/Runtime/OpenXR/Content/Devices/OculusTouch_v2/MRTexture.uexp" 979
"../../../Engine/Plugins/Runtime/OpenXR/Content/Devices/OculusTouch_v2/MRTexture.ubulk" 980
"../../../Engine/Plugins/Runtime/OpenXR/Content/Devices/OculusTouch_v2/BaseTexture.uasset" 981
"../../../Engine/Plugins/Runtime/OpenXR/Content/Devices/OculusTouch_v2/BaseTexture.uexp" 982
"../../../Engine/Plugins/Runtime/OpenXR/Content/Devices/OculusTouch_v2/BaseTexture.ubulk" 983
"../../../Engine/Plugins/Runtime/OpenXR/Content/Devices/OculusTouch_v2/MI_OculusTouch_v2.uasset" 984
"../../../Engine/Plugins/Runtime/OpenXR/Content/Devices/OculusTouch_v2/MI_OculusTouch_v2.uexp" 985
"../../../Engine/Plugins/Runtime/OpenXR/Content/Devices/OculusTouch_v2/Left/left_OculusTouch_v2Controller.uasset" 986
"../../../Engine/Plugins/Runtime/OpenXR/Content/Devices/OculusTouch_v2/Left/left_OculusTouch_v2Controller.uexp" 987
"../../../Engine/Plugins/Runtime/OpenXR/Content/Devices/OculusTouch_v2/Right/right_OculusTouch_v2Controller.uasset" 988
"../../../Engine/Plugins/Runtime/OpenXR/Content/Devices/OculusTouch_v2/Right/right_OculusTouch_v2Controller.uexp" 989
"../../../Engine/Plugins/Runtime/OpenXR/Content/Devices/OculusTouch_v3/MRTexture.uasset" 990
"../../../Engine/Plugins/Runtime/OpenXR/Content/Devices/OculusTouch_v3/MRTexture.uexp" 991
"../../../Engine/Plugins/Runtime/OpenXR/Content/Devices/OculusTouch_v3/MRTexture.ubulk" 992
"../../../Engine/Plugins/Runtime/OpenXR/Content/Devices/OculusTouch_v3/BaseTexture.uasset" 993
"../../../Engine/Plugins/Runtime/OpenXR/Content/Devices/OculusTouch_v3/BaseTexture.uexp" 994
"../../../Engine/Plugins/Runtime/OpenXR/Content/Devices/OculusTouch_v3/BaseTexture.ubulk" 995
"../../../Engine/Plugins/Runtime/OpenXR/Content/Devices/OculusTouch_v3/MI_OculusTouch_v3.uasset" 996
"../../../Engine/Plugins/Runtime/OpenXR/Content/Devices/OculusTouch_v3/MI_OculusTouch_v3.uexp" 997
"../../../Engine/Plugins/Runtime/OpenXR/Content/Devices/OculusTouch_v3/Left/left_OculusTouch_v3Controller.uasset" 998
"../../../Engine/Plugins/Runtime/OpenXR/Content/Devices/OculusTouch_v3/Left/left_OculusTouch_v3Controller.uexp" 999
"../../../Engine/Plugins/Runtime/OpenXR/Content/Devices/OculusTouch_v3/Right/right_OculusTouch_v3Controller.uasset" 1000
"../../../Engine/Plugins/Runtime/OpenXR/Content/Devices/OculusTouch_v3/Right/right_OculusTouch_v3Controller.uexp" 1001
"../../../Engine/Plugins/Runtime/OpenXR/Content/Devices/ValveIndex/MRTexture.uasset" 1002
"../../../Engine/Plugins/Runtime/OpenXR/Content/Devices/ValveIndex/MRTexture.uexp" 1003
"../../../Engine/Plugins/Runtime/OpenXR/Content/Devices/ValveIndex/MRTexture.ubulk" 1004
"../../../Engine/Plugins/Runtime/OpenXR/Content/Devices/ValveIndex/BaseTexture.uasset" 1005
"../../../Engine/Plugins/Runtime/OpenXR/Content/Devices/ValveIndex/BaseTexture.uexp" 1006
"../../../Engine/Plugins/Runtime/OpenXR/Content/Devices/ValveIndex/BaseTexture.ubulk" 1007
"../../../Engine/Plugins/Runtime/OpenXR/Content/Devices/ValveIndex/Left/MI_left_ValveIndex.uasset" 1008
"../../../Engine/Plugins/Runtime/OpenXR/Content/Devices/ValveIndex/Left/MI_left_ValveIndex.uexp" 1009
"../../../Engine/Plugins/Runtime/OpenXR/Content/Devices/ValveIndex/Left/left_ValveIndexController.uasset" 1010
"../../../Engine/Plugins/Runtime/OpenXR/Content/Devices/ValveIndex/Left/left_ValveIndexController.uexp" 1011
"../../../Engine/Plugins/Runtime/OpenXR/Content/Devices/ValveIndex/Right/MI_right_ValveIndex.uasset" 1012
"../../../Engine/Plugins/Runtime/OpenXR/Content/Devices/ValveIndex/Right/MI_right_ValveIndex.uexp" 1013
"../../../Engine/Plugins/Runtime/OpenXR/Content/Devices/ValveIndex/Right/right_ValveIndexController.uasset" 1014
"../../../Engine/Plugins/Runtime/OpenXR/Content/Devices/ValveIndex/Right/right_ValveIndexController.uexp" 1015
"../../../Engine/Content/Functions/Engine_MaterialFunctions02/Utility/BreakOutFloat4Components.uasset" 1016
"../../../Engine/Content/Functions/Engine_MaterialFunctions02/Utility/BreakOutFloat4Components.uexp" 1017
"../../../Engine/Content/Functions/Engine_MaterialFunctions02/Utility/MakeFloat3.uasset" 1018
"../../../Engine/Content/Functions/Engine_MaterialFunctions02/Utility/MakeFloat3.uexp" 1019
"../../../Engine/Plugins/Runtime/Oculus/OculusVR/Content/Materials/OculusMR_ChromaKey.uasset" 1020
"../../../Engine/Plugins/Runtime/Oculus/OculusVR/Content/Materials/OculusMR_ChromaKey.uexp" 1021
"../../../Engine/Plugins/Runtime/Oculus/OculusVR/Content/Materials/OculusMR_OpaqueColoredMaterial.uasset" 1022
"../../../Engine/Plugins/Runtime/Oculus/OculusVR/Content/Materials/OculusMR_OpaqueColoredMaterial.uexp" 1023
"../../../Engine/Plugins/Runtime/Oculus/OculusVR/Content/Materials/PokeAHoleMaterial.uasset" 1024
"../../../Engine/Plugins/Runtime/Oculus/OculusVR/Content/Materials/PokeAHoleMaterial.uexp" 1025
"../../../Engine/Plugins/Runtime/Oculus/OculusVR/Content/Textures/touchController_controlmap.uasset" 1026
"../../../Engine/Plugins/Runtime/Oculus/OculusVR/Content/Textures/touchController_controlmap.uexp" 1027
"../../../Engine/Plugins/Runtime/Oculus/OculusVR/Content/Textures/touchController_controlmap.ubulk" 1028
"../../../Engine/Plugins/Runtime/Oculus/OculusVR/Content/Textures/touchController_albedo.uasset" 1029
"../../../Engine/Plugins/Runtime/Oculus/OculusVR/Content/Textures/touchController_albedo.uexp" 1030
"../../../Engine/Plugins/Runtime/Oculus/OculusVR/Content/Textures/touchController_albedo.ubulk" 1031
"../../../Engine/Plugins/Runtime/Oculus/OculusVR/Content/Materials/touchController_mat.uasset" 1032
"../../../Engine/Plugins/Runtime/Oculus/OculusVR/Content/Materials/touchController_mat.uexp" 1033
"../../../Engine/Plugins/Runtime/Oculus/OculusVR/Content/Meshes/LeftTouchController.uasset" 1034
"../../../Engine/Plugins/Runtime/Oculus/OculusVR/Content/Meshes/LeftTouchController.uexp" 1035
"../../../Engine/Plugins/Runtime/Oculus/OculusVR/Content/Textures/TouchForQuestRiftSController_albedo.uasset" 1036
"../../../Engine/Plugins/Runtime/Oculus/OculusVR/Content/Textures/TouchForQuestRiftSController_albedo.uexp" 1037
"../../../Engine/Plugins/Runtime/Oculus/OculusVR/Content/Textures/TouchForQuestRiftSController_albedo.ubulk" 1038
"../../../Engine/Plugins/Runtime/Oculus/OculusVR/Content/Materials/TouchForQuestRiftSControllerMaterial.uasset" 1039
"../../../Engine/Plugins/Runtime/Oculus/OculusVR/Content/Materials/TouchForQuestRiftSControllerMaterial.uexp" 1040
"../../../Engine/Plugins/Runtime/Oculus/OculusVR/Content/Meshes/LeftTouchForQuestRiftSController.uasset" 1041
"../../../Engine/Plugins/Runtime/Oculus/OculusVR/Content/Meshes/LeftTouchForQuestRiftSController.uexp" 1042
"../../../Engine/Plugins/Runtime/Oculus/OculusVR/Content/Meshes/RiftHMD.uasset" 1043
"../../../Engine/Plugins/Runtime/Oculus/OculusVR/Content/Meshes/RiftHMD.uexp" 1044
"../../../Engine/Plugins/Runtime/Oculus/OculusVR/Content/Meshes/RightTouchController.uasset" 1045
"../../../Engine/Plugins/Runtime/Oculus/OculusVR/Content/Meshes/RightTouchController.uexp" 1046
"../../../Engine/Plugins/Runtime/Oculus/OculusVR/Content/Meshes/RightTouchForQuestRiftSController.uasset" 1047
"../../../Engine/Plugins/Runtime/Oculus/OculusVR/Content/Meshes/RightTouchForQuestRiftSController.uexp" 1048
"J:/Github/FNaF-SB-Modding-Template/Plugins/Chowda/Content/Blueprints/AR_Mechanics/ARTeleportDoor.uasset" 1049
"J:/Github/FNaF-SB-Modding-Template/Plugins/Chowda/Content/Blueprints/AR_Mechanics/ARTeleportDoor.uexp" 1050
"../../../Engine/Content/Maps/Entry_BuiltData.uasset" 1051
"../../../Engine/Content/Maps/Entry_BuiltData.uexp" 1052
"../../../Engine/Content/Maps/Entry.uexp" 1053
"../../../Engine/Content/Maps/Entry.umap" 1054
